#
# There is insufficient memory for the Java Runtime Environment to continue.
# Native memory allocation (mmap) failed to map 239075328 bytes for G1 virtual space
# Possible reasons:
#   The system is out of physical RAM or swap space
#   The process is running with CompressedOops enabled, and the Java Heap may be blocking the growth of the native heap
# Possible solutions:
#   Reduce memory load on the system
#   Increase physical memory or swap space
#   Check if swap backing store is full
#   Decrease Java heap size (-Xmx/-Xms)
#   Decrease number of Java threads
#   Decrease Java thread stack sizes (-Xss)
#   Set larger code cache with -XX:ReservedCodeCacheSize=
#   JVM is running with Zero Based Compressed Oops mode in which the Java heap is
#     placed in the first 32GB address space. The Java Heap base address is the
#     maximum limit for the native heap growth. Please use -XX:HeapBaseMinAddress
#     to set the Java Heap base and to place the Java Heap above 32GB virtual address.
# This output file may be truncated or incomplete.
#
#  Out of Memory Error (os_windows.cpp:3548), pid=12252, tid=11144
#
# JRE version: Java(TM) SE Runtime Environment (17.0.12+8) (build 17.0.12+8-LTS-286)
# Java VM: Java HotSpot(TM) 64-Bit Server VM (17.0.12+8-LTS-286, mixed mode, sharing, tiered, compressed oops, compressed class ptrs, g1 gc, windows-amd64)
# No core dump will be written. Minidumps are not enabled by default on client versions of Windows
#

---------------  S U M M A R Y ------------

Command Line: -XX:MaxMetaspaceSize=2G -XX:+HeapDumpOnOutOfMemoryError --add-opens=java.base/java.util=ALL-UNNAMED --add-opens=java.base/java.lang=ALL-UNNAMED --add-opens=java.base/java.lang.invoke=ALL-UNNAMED --add-opens=java.prefs/java.util.prefs=ALL-UNNAMED --add-exports=jdk.compiler/com.sun.tools.javac.api=ALL-UNNAMED --add-exports=jdk.compiler/com.sun.tools.javac.util=ALL-UNNAMED --add-opens=java.base/java.nio.charset=ALL-UNNAMED --add-opens=java.base/java.net=ALL-UNNAMED --add-opens=java.base/java.util.concurrent.atomic=ALL-UNNAMED -Xmx4G -Dfile.encoding=UTF-8 -Duser.country=US -Duser.language=en -Duser.variant -javaagent:C:\Users\Netizens\.gradle\wrapper\dists\gradle-8.9-bin\90cnw93cvbtalezasaz0blq0a\gradle-8.9\lib\agents\gradle-instrumentation-agent-8.9.jar org.gradle.launcher.daemon.bootstrap.GradleDaemon 8.9

Host: Intel(R) Core(TM) i5-8365U CPU @ 1.60GHz, 8 cores, 7G,  Windows 11 , 64 bit Build 22621 (10.0.22621.4974)
Time: Mon Mar 17 11:25:51 2025 India Standard Time elapsed time: 34.905934 seconds (0d 0h 0m 34s)

---------------  T H R E A D  ---------------

Current thread (0x000001771aa20480):  VMThread "VM Thread" [stack: 0x00000062b4b00000,0x00000062b4c00000] [id=11144]

Stack: [0x00000062b4b00000,0x00000062b4c00000]
Native frames: (J=compiled Java code, j=interpreted, Vv=VM code, C=native code)
V  [jvm.dll+0x67a04a]
V  [jvm.dll+0x7da4ed]
V  [jvm.dll+0x7dbe33]
V  [jvm.dll+0x7dc4a3]
V  [jvm.dll+0x24508f]
V  [jvm.dll+0x677089]
V  [jvm.dll+0x66bd32]
V  [jvm.dll+0x301fa6]
V  [jvm.dll+0x309546]
V  [jvm.dll+0x359d2e]
V  [jvm.dll+0x359f5f]
V  [jvm.dll+0x2d9078]
V  [jvm.dll+0x2d74ad]
V  [jvm.dll+0x2d6afc]
V  [jvm.dll+0x31a65b]
V  [jvm.dll+0x7e0d9b]
V  [jvm.dll+0x7e1ad4]
V  [jvm.dll+0x7e1fed]
V  [jvm.dll+0x7e23c4]
V  [jvm.dll+0x7e2490]
V  [jvm.dll+0x78abea]
V  [jvm.dll+0x678f35]
C  [ucrtbase.dll+0x29333]
C  [KERNEL32.DLL+0x1259d]
C  [ntdll.dll+0x5af38]

VM_Operation (0x00000062b62f3170): G1CollectForAllocation, mode: safepoint, requested by thread 0x0000017760271950


---------------  P R O C E S S  ---------------

Threads class SMR info:
_java_thread_list=0x00000177667c3ee0, length=124, elements={
0x0000017775b88320, 0x000001771aa25740, 0x000001771aa26c70, 0x000001771aa38a30,
0x000001771aa3c420, 0x000001771aa3d490, 0x000001771aa3e500, 0x000001771aa4a6e0,
0x000001771aa3fe90, 0x000001771aa407a0, 0x000001771aa10a90, 0x000001771ad32ea0,
0x0000017761ced450, 0x0000017761ceab50, 0x0000017760d040f0, 0x0000017761c63e20,
0x0000017761dc48e0, 0x0000017760272d90, 0x0000017760271950, 0x0000017760272370,
0x00000177602732a0, 0x0000017760271e60, 0x0000017760f3d590, 0x0000017760f37a70,
0x0000017760f36120, 0x0000017760f38eb0, 0x0000017760f3bc40, 0x0000017760f36b40,
0x0000017760f37560, 0x0000017760f38490, 0x0000017760f36630, 0x0000017760f37f80,
0x0000017760f37050, 0x0000017760f39de0, 0x0000017760f3b730, 0x0000017760f3a2f0,
0x0000017760f3d080, 0x0000017760272880, 0x0000017764a070c0, 0x0000017764a09430,
0x0000017764a08f20, 0x0000017764a075d0, 0x0000017764a09940, 0x0000017764a08a10,
0x0000017764a0a360, 0x0000017764a09e50, 0x0000017764a08500, 0x0000017764a07ae0,
0x0000017764a06bb0, 0x0000017764a07ff0, 0x0000017764a012f0, 0x0000017764a054c0,
0x0000017764a02730, 0x00000177649fea70, 0x0000017764a003c0, 0x0000017764a008d0,
0x00000177649ff490, 0x00000177649ffeb0, 0x0000017764a00de0, 0x00000177649fe560,
0x0000017764a04590, 0x00000177649fef80, 0x0000017764a01d10, 0x0000017764a02220,
0x0000017764a03b70, 0x0000017764a03150, 0x0000017764a01800, 0x0000017764a02c40,
0x0000017764a04aa0, 0x0000017764a03660, 0x00000177649fe050, 0x0000017764a04fb0,
0x0000017764a059d0, 0x0000017762078470, 0x0000017762071a20, 0x00000177620742a0,
0x0000017762073880, 0x00000177620747b0, 0x0000017762073d90, 0x00000177620751d0,
0x0000017762071f30, 0x0000017762074cc0, 0x0000017762078980, 0x00000177620756e0,
0x0000017762071510, 0x0000017762075bf0, 0x0000017762077540, 0x0000017762077030,
0x0000017762076100, 0x0000017762076610, 0x0000017762072440, 0x0000017762076b20,
0x0000017762078e90, 0x0000017762073370, 0x0000017762072950, 0x0000017762077f60,
0x0000017762077a50, 0x0000017762072e60, 0x0000017761141ac0, 0x000001776113ced0,
0x0000017761143410, 0x0000017763cfdef0, 0x0000017761143920, 0x000001776113d8f0,
0x0000017761140170, 0x000001776113ed30, 0x00000177611429f0, 0x000001776113f240,
0x00000177611410a0, 0x0000017761143e30, 0x000001776113fc60, 0x000001776113f750,
0x000001776113d3e0, 0x0000017761140680, 0x0000017761140b90, 0x00000177611415b0,
0x0000017760f3b220, 0x0000017764295130, 0x00000177642928b0, 0x0000017764294200,
0x0000017764293cf0, 0x00000177642932d0, 0x0000017764294710, 0x0000017764294c20
}

Java Threads: ( => current thread )
  0x0000017775b88320 JavaThread "main" [_thread_blocked, id=7788, stack(0x00000062b4500000,0x00000062b4600000)]
  0x000001771aa25740 JavaThread "Reference Handler" daemon [_thread_blocked, id=8616, stack(0x00000062b4c00000,0x00000062b4d00000)]
  0x000001771aa26c70 JavaThread "Finalizer" daemon [_thread_blocked, id=3028, stack(0x00000062b4d00000,0x00000062b4e00000)]
  0x000001771aa38a30 JavaThread "Signal Dispatcher" daemon [_thread_blocked, id=2556, stack(0x00000062b4e00000,0x00000062b4f00000)]
  0x000001771aa3c420 JavaThread "Attach Listener" daemon [_thread_blocked, id=14976, stack(0x00000062b4f00000,0x00000062b5000000)]
  0x000001771aa3d490 JavaThread "Service Thread" daemon [_thread_blocked, id=14504, stack(0x00000062b5000000,0x00000062b5100000)]
  0x000001771aa3e500 JavaThread "Monitor Deflation Thread" daemon [_thread_blocked, id=10116, stack(0x00000062b5100000,0x00000062b5200000)]
  0x000001771aa4a6e0 JavaThread "C2 CompilerThread0" daemon [_thread_blocked, id=12804, stack(0x00000062b5200000,0x00000062b5300000)]
  0x000001771aa3fe90 JavaThread "C1 CompilerThread0" daemon [_thread_blocked, id=5752, stack(0x00000062b5300000,0x00000062b5400000)]
  0x000001771aa407a0 JavaThread "Sweeper thread" daemon [_thread_blocked, id=7436, stack(0x00000062b5400000,0x00000062b5500000)]
  0x000001771aa10a90 JavaThread "Common-Cleaner" daemon [_thread_blocked, id=10300, stack(0x00000062b5500000,0x00000062b5600000)]
  0x000001771ad32ea0 JavaThread "Notification Thread" daemon [_thread_blocked, id=11596, stack(0x00000062b5600000,0x00000062b5700000)]
  0x0000017761ced450 JavaThread "Daemon health stats" [_thread_blocked, id=7968, stack(0x00000062b5900000,0x00000062b5a00000)]
  0x0000017761ceab50 JavaThread "Incoming local TCP Connector on port 54884" [_thread_in_native, id=4316, stack(0x00000062b5800000,0x00000062b5900000)]
  0x0000017760d040f0 JavaThread "Daemon periodic checks" [_thread_blocked, id=6444, stack(0x00000062b5e00000,0x00000062b5f00000)]
  0x0000017761c63e20 JavaThread "Daemon" [_thread_blocked, id=12160, stack(0x00000062b5f00000,0x00000062b6000000)]
  0x0000017761dc48e0 JavaThread "Handler for socket connection from /127.0.0.1:54884 to /127.0.0.1:54885" [_thread_in_native, id=1852, stack(0x00000062b6000000,0x00000062b6100000)]
  0x0000017760272d90 JavaThread "Cancel handler" [_thread_blocked, id=9784, stack(0x00000062b6100000,0x00000062b6200000)]
  0x0000017760271950 JavaThread "Daemon worker" [_thread_blocked, id=3608, stack(0x00000062b6200000,0x00000062b6300000)]
  0x0000017760272370 JavaThread "Asynchronous log dispatcher for DefaultDaemonConnection: socket connection from /127.0.0.1:54884 to /127.0.0.1:54885" [_thread_blocked, id=10328, stack(0x00000062b6300000,0x00000062b6400000)]
  0x00000177602732a0 JavaThread "Stdin handler" [_thread_blocked, id=13324, stack(0x00000062b6400000,0x00000062b6500000)]
  0x0000017760271e60 JavaThread "Daemon client event forwarder" [_thread_blocked, id=10552, stack(0x00000062b6500000,0x00000062b6600000)]
  0x0000017760f3d590 JavaThread "Cache worker for journal cache (C:\Users\Netizens\.gradle\caches\journal-1)" [_thread_blocked, id=13972, stack(0x00000062b6600000,0x00000062b6700000)]
  0x0000017760f37a70 JavaThread "File lock request listener" [_thread_in_native, id=2060, stack(0x00000062b6700000,0x00000062b6800000)]
  0x0000017760f36120 JavaThread "Cache worker for file hash cache (C:\Users\Netizens\.gradle\caches\8.9\fileHashes)" [_thread_blocked, id=11152, stack(0x00000062b6800000,0x00000062b6900000)]
  0x0000017760f38eb0 JavaThread "Cache worker for file hash cache (D:\FlutterDev\projects\car_rent\android\.gradle\8.9\fileHashes)" [_thread_blocked, id=10480, stack(0x00000062b6e00000,0x00000062b6f00000)]
  0x0000017760f3bc40 JavaThread "Cache worker for Build Output Cleanup Cache (D:\FlutterDev\projects\car_rent\android\.gradle\buildOutputCleanup)" [_thread_blocked, id=9600, stack(0x00000062b6f00000,0x00000062b7000000)]
  0x0000017760f36b40 JavaThread "File watcher server" daemon [_thread_in_native, id=10412, stack(0x00000062b7100000,0x00000062b7200000)]
  0x0000017760f37560 JavaThread "File watcher consumer" daemon [_thread_blocked, id=8948, stack(0x00000062b7200000,0x00000062b7300000)]
  0x0000017760f38490 JavaThread "Cache worker for checksums cache (D:\FlutterDev\projects\car_rent\android\.gradle\8.9\checksums)" [_thread_blocked, id=12120, stack(0x00000062b7300000,0x00000062b7400000)]
  0x0000017760f36630 JavaThread "Cache worker for file content cache (C:\Users\Netizens\.gradle\caches\8.9\fileContent)" [_thread_blocked, id=9116, stack(0x00000062b7400000,0x00000062b7500000)]
  0x0000017760f37f80 JavaThread "Cache worker for cache directory md-rule (C:\Users\Netizens\.gradle\caches\8.9\md-rule)" [_thread_blocked, id=7416, stack(0x00000062b7500000,0x00000062b7600000)]
  0x0000017760f37050 JavaThread "Cache worker for cache directory md-supplier (C:\Users\Netizens\.gradle\caches\8.9\md-supplier)" [_thread_blocked, id=7056, stack(0x00000062b6d00000,0x00000062b6e00000)]
  0x0000017760f39de0 JavaThread "jar transforms" [_thread_blocked, id=12568, stack(0x00000062b7700000,0x00000062b7800000)]
  0x0000017760f3b730 JavaThread "Cache worker for Build Output Cleanup Cache (D:\FlutterDev\sdk\flutter\packages\flutter_tools\gradle\.gradle\buildOutputCleanup)" [_thread_blocked, id=13612, stack(0x00000062b7600000,0x00000062b7700000)]
  0x0000017760f3a2f0 JavaThread "Memory manager" [_thread_blocked, id=13500, stack(0x00000062b7900000,0x00000062b7a00000)]
  0x0000017760f3d080 JavaThread "included builds" [_thread_blocked, id=2128, stack(0x00000062b7a00000,0x00000062b7b00000)]
  0x0000017760272880 JavaThread "Execution worker" [_thread_blocked, id=14952, stack(0x00000062b7b00000,0x00000062b7c00000)]
  0x0000017764a070c0 JavaThread "Execution worker Thread 2" [_thread_blocked, id=7680, stack(0x00000062b7c00000,0x00000062b7d00000)]
  0x0000017764a09430 JavaThread "Execution worker Thread 3" [_thread_blocked, id=6712, stack(0x00000062b7d00000,0x00000062b7e00000)]
  0x0000017764a08f20 JavaThread "Execution worker Thread 4" [_thread_blocked, id=6096, stack(0x00000062b7e00000,0x00000062b7f00000)]
  0x0000017764a075d0 JavaThread "Execution worker Thread 5" [_thread_blocked, id=13692, stack(0x00000062b7f00000,0x00000062b8000000)]
  0x0000017764a09940 JavaThread "Execution worker Thread 6" [_thread_blocked, id=11560, stack(0x00000062b8000000,0x00000062b8100000)]
  0x0000017764a08a10 JavaThread "Execution worker Thread 7" [_thread_blocked, id=13676, stack(0x00000062b8100000,0x00000062b8200000)]
  0x0000017764a0a360 JavaThread "Cache worker for execution history cache (D:\FlutterDev\sdk\flutter\packages\flutter_tools\gradle\.gradle\8.9\executionHistory)" [_thread_blocked, id=6264, stack(0x00000062b8200000,0x00000062b8300000)]
  0x0000017764a09e50 JavaThread "Unconstrained build operations" [_thread_blocked, id=3672, stack(0x00000062b8300000,0x00000062b8400000)]
  0x0000017764a08500 JavaThread "Unconstrained build operations Thread 2" [_thread_blocked, id=5104, stack(0x00000062b8400000,0x00000062b8500000)]
  0x0000017764a07ae0 JavaThread "Unconstrained build operations Thread 3" [_thread_blocked, id=10652, stack(0x00000062b8500000,0x00000062b8600000)]
  0x0000017764a06bb0 JavaThread "Unconstrained build operations Thread 4" [_thread_blocked, id=14244, stack(0x00000062b8600000,0x00000062b8700000)]
  0x0000017764a07ff0 JavaThread "Unconstrained build operations Thread 5" [_thread_blocked, id=13832, stack(0x00000062b8700000,0x00000062b8800000)]
  0x0000017764a012f0 JavaThread "Unconstrained build operations Thread 6" [_thread_blocked, id=12004, stack(0x00000062b8800000,0x00000062b8900000)]
  0x0000017764a054c0 JavaThread "Unconstrained build operations Thread 7" [_thread_blocked, id=6352, stack(0x00000062b8900000,0x00000062b8a00000)]
  0x0000017764a02730 JavaThread "Unconstrained build operations Thread 8" [_thread_blocked, id=3212, stack(0x00000062b8a00000,0x00000062b8b00000)]
  0x00000177649fea70 JavaThread "Unconstrained build operations Thread 9" [_thread_blocked, id=2572, stack(0x00000062b8b00000,0x00000062b8c00000)]
  0x0000017764a003c0 JavaThread "Unconstrained build operations Thread 10" [_thread_blocked, id=6596, stack(0x00000062b8c00000,0x00000062b8d00000)]
  0x0000017764a008d0 JavaThread "Unconstrained build operations Thread 11" [_thread_blocked, id=14684, stack(0x00000062b8d00000,0x00000062b8e00000)]
  0x00000177649ff490 JavaThread "Unconstrained build operations Thread 12" [_thread_blocked, id=11164, stack(0x00000062b8e00000,0x00000062b8f00000)]
  0x00000177649ffeb0 JavaThread "Unconstrained build operations Thread 13" [_thread_blocked, id=10108, stack(0x00000062b8f00000,0x00000062b9000000)]
  0x0000017764a00de0 JavaThread "Unconstrained build operations Thread 14" [_thread_blocked, id=14816, stack(0x00000062b9000000,0x00000062b9100000)]
  0x00000177649fe560 JavaThread "Unconstrained build operations Thread 15" [_thread_blocked, id=5800, stack(0x00000062b9100000,0x00000062b9200000)]
  0x0000017764a04590 JavaThread "Unconstrained build operations Thread 16" [_thread_blocked, id=10568, stack(0x00000062b9200000,0x00000062b9300000)]
  0x00000177649fef80 JavaThread "Unconstrained build operations Thread 17" [_thread_blocked, id=13288, stack(0x00000062b9300000,0x00000062b9400000)]
  0x0000017764a01d10 JavaThread "Unconstrained build operations Thread 18" [_thread_blocked, id=11072, stack(0x00000062b9400000,0x00000062b9500000)]
  0x0000017764a02220 JavaThread "Unconstrained build operations Thread 19" [_thread_blocked, id=6016, stack(0x00000062b9500000,0x00000062b9600000)]
  0x0000017764a03b70 JavaThread "Unconstrained build operations Thread 20" [_thread_blocked, id=12488, stack(0x00000062b9600000,0x00000062b9700000)]
  0x0000017764a03150 JavaThread "Unconstrained build operations Thread 21" [_thread_blocked, id=14212, stack(0x00000062b9700000,0x00000062b9800000)]
  0x0000017764a01800 JavaThread "Unconstrained build operations Thread 22" [_thread_blocked, id=7648, stack(0x00000062b9900000,0x00000062b9a00000)]
  0x0000017764a02c40 JavaThread "Unconstrained build operations Thread 23" [_thread_blocked, id=9916, stack(0x00000062b9a00000,0x00000062b9b00000)]
  0x0000017764a04aa0 JavaThread "Unconstrained build operations Thread 24" [_thread_blocked, id=9656, stack(0x00000062b9b00000,0x00000062b9c00000)]
  0x0000017764a03660 JavaThread "Unconstrained build operations Thread 25" [_thread_blocked, id=13212, stack(0x00000062b9c00000,0x00000062b9d00000)]
  0x00000177649fe050 JavaThread "Unconstrained build operations Thread 26" [_thread_blocked, id=12932, stack(0x00000062b9d00000,0x00000062b9e00000)]
  0x0000017764a04fb0 JavaThread "Unconstrained build operations Thread 27" [_thread_blocked, id=6636, stack(0x00000062b9e00000,0x00000062b9f00000)]
  0x0000017764a059d0 JavaThread "Unconstrained build operations Thread 28" [_thread_blocked, id=9452, stack(0x00000062b9f00000,0x00000062ba000000)]
  0x0000017762078470 JavaThread "jar transforms Thread 2" [_thread_blocked, id=4896, stack(0x00000062ba000000,0x00000062ba100000)]
  0x0000017762071a20 JavaThread "jar transforms Thread 3" [_thread_blocked, id=13360, stack(0x00000062ba100000,0x00000062ba200000)]
  0x00000177620742a0 JavaThread "jar transforms Thread 4" [_thread_blocked, id=9888, stack(0x00000062ba200000,0x00000062ba300000)]
  0x0000017762073880 JavaThread "jar transforms Thread 5" [_thread_blocked, id=10448, stack(0x00000062ba300000,0x00000062ba400000)]
  0x00000177620747b0 JavaThread "Unconstrained build operations Thread 29" [_thread_blocked, id=11832, stack(0x00000062ba400000,0x00000062ba500000)]
  0x0000017762073d90 JavaThread "Unconstrained build operations Thread 30" [_thread_blocked, id=10692, stack(0x00000062ba500000,0x00000062ba600000)]
  0x00000177620751d0 JavaThread "Unconstrained build operations Thread 31" [_thread_blocked, id=2156, stack(0x00000062ba600000,0x00000062ba700000)]
  0x0000017762071f30 JavaThread "Unconstrained build operations Thread 32" [_thread_blocked, id=12484, stack(0x00000062ba700000,0x00000062ba800000)]
  0x0000017762074cc0 JavaThread "Unconstrained build operations Thread 33" [_thread_blocked, id=10928, stack(0x00000062ba800000,0x00000062ba900000)]
  0x0000017762078980 JavaThread "Unconstrained build operations Thread 34" [_thread_blocked, id=8968, stack(0x00000062ba900000,0x00000062baa00000)]
  0x00000177620756e0 JavaThread "Unconstrained build operations Thread 35" [_thread_blocked, id=10304, stack(0x00000062baa00000,0x00000062bab00000)]
  0x0000017762071510 JavaThread "Unconstrained build operations Thread 36" [_thread_blocked, id=11524, stack(0x00000062bab00000,0x00000062bac00000)]
  0x0000017762075bf0 JavaThread "Unconstrained build operations Thread 37" [_thread_blocked, id=13332, stack(0x00000062bac00000,0x00000062bad00000)]
  0x0000017762077540 JavaThread "Unconstrained build operations Thread 38" [_thread_blocked, id=7096, stack(0x00000062bad00000,0x00000062bae00000)]
  0x0000017762077030 JavaThread "Unconstrained build operations Thread 39" [_thread_blocked, id=6904, stack(0x00000062bae00000,0x00000062baf00000)]
  0x0000017762076100 JavaThread "Unconstrained build operations Thread 40" [_thread_blocked, id=9576, stack(0x00000062baf00000,0x00000062bb000000)]
  0x0000017762076610 JavaThread "Unconstrained build operations Thread 41" [_thread_blocked, id=8400, stack(0x00000062bb000000,0x00000062bb100000)]
  0x0000017762072440 JavaThread "Unconstrained build operations Thread 42" [_thread_blocked, id=12068, stack(0x00000062bb100000,0x00000062bb200000)]
  0x0000017762076b20 JavaThread "Unconstrained build operations Thread 43" [_thread_blocked, id=9528, stack(0x00000062bb200000,0x00000062bb300000)]
  0x0000017762078e90 JavaThread "Unconstrained build operations Thread 44" [_thread_blocked, id=14740, stack(0x00000062bb300000,0x00000062bb400000)]
  0x0000017762073370 JavaThread "Unconstrained build operations Thread 45" [_thread_blocked, id=14436, stack(0x00000062bb400000,0x00000062bb500000)]
  0x0000017762072950 JavaThread "Unconstrained build operations Thread 46" [_thread_blocked, id=10344, stack(0x00000062bb500000,0x00000062bb600000)]
  0x0000017762077f60 JavaThread "Unconstrained build operations Thread 47" [_thread_blocked, id=11972, stack(0x00000062bb600000,0x00000062bb700000)]
  0x0000017762077a50 JavaThread "Unconstrained build operations Thread 48" [_thread_blocked, id=8700, stack(0x00000062bb700000,0x00000062bb800000)]
  0x0000017762072e60 JavaThread "Unconstrained build operations Thread 49" [_thread_blocked, id=15204, stack(0x00000062bb800000,0x00000062bb900000)]
  0x0000017761141ac0 JavaThread "jar transforms Thread 6" [_thread_blocked, id=9932, stack(0x00000062bb900000,0x00000062bba00000)]
  0x000001776113ced0 JavaThread "jar transforms Thread 7" [_thread_blocked, id=8304, stack(0x00000062bba00000,0x00000062bbb00000)]
  0x0000017761143410 JavaThread "build event listener" [_thread_blocked, id=8904, stack(0x00000062bbb00000,0x00000062bbc00000)]
  0x0000017763cfdef0 JavaThread "C2 CompilerThread1" daemon [_thread_blocked, id=7800, stack(0x00000062b6c00000,0x00000062b6d00000)]
  0x0000017761143920 JavaThread "jar transforms Thread 8" [_thread_blocked, id=1864, stack(0x00000062bbc00000,0x00000062bbd00000)]
  0x000001776113d8f0 JavaThread "Unconstrained build operations Thread 50" [_thread_blocked, id=7948, stack(0x00000062bbd00000,0x00000062bbe00000)]
  0x0000017761140170 JavaThread "Unconstrained build operations Thread 51" [_thread_blocked, id=1992, stack(0x00000062bbe00000,0x00000062bbf00000)]
  0x000001776113ed30 JavaThread "Unconstrained build operations Thread 52" [_thread_blocked, id=11748, stack(0x00000062bbf00000,0x00000062bc000000)]
  0x00000177611429f0 JavaThread "Unconstrained build operations Thread 53" [_thread_blocked, id=13420, stack(0x00000062bc000000,0x00000062bc100000)]
  0x000001776113f240 JavaThread "Unconstrained build operations Thread 54" [_thread_blocked, id=14124, stack(0x00000062bc100000,0x00000062bc200000)]
  0x00000177611410a0 JavaThread "Unconstrained build operations Thread 55" [_thread_blocked, id=8792, stack(0x00000062bc200000,0x00000062bc300000)]
  0x0000017761143e30 JavaThread "Unconstrained build operations Thread 56" [_thread_blocked, id=10020, stack(0x00000062bc300000,0x00000062bc400000)]
  0x000001776113fc60 JavaThread "Unconstrained build operations Thread 57" [_thread_blocked, id=13440, stack(0x00000062bc400000,0x00000062bc500000)]
  0x000001776113f750 JavaThread "Unconstrained build operations Thread 58" [_thread_blocked, id=8680, stack(0x00000062bc500000,0x00000062bc600000)]
  0x000001776113d3e0 JavaThread "Unconstrained build operations Thread 59" [_thread_blocked, id=3596, stack(0x00000062bc600000,0x00000062bc700000)]
  0x0000017761140680 JavaThread "Unconstrained build operations Thread 60" [_thread_blocked, id=12036, stack(0x00000062bc700000,0x00000062bc800000)]
  0x0000017761140b90 JavaThread "Unconstrained build operations Thread 61" [_thread_blocked, id=6440, stack(0x00000062bc800000,0x00000062bc900000)]
  0x00000177611415b0 JavaThread "Unconstrained build operations Thread 62" [_thread_blocked, id=5864, stack(0x00000062bc900000,0x00000062bca00000)]
  0x0000017760f3b220 JavaThread "Unconstrained build operations Thread 63" [_thread_blocked, id=14600, stack(0x00000062bca00000,0x00000062bcb00000)]
  0x0000017764295130 JavaThread "Unconstrained build operations Thread 64" [_thread_blocked, id=1968, stack(0x00000062bcb00000,0x00000062bcc00000)]
  0x00000177642928b0 JavaThread "Unconstrained build operations Thread 65" [_thread_blocked, id=9368, stack(0x00000062bcc00000,0x00000062bcd00000)]
  0x0000017764294200 JavaThread "Unconstrained build operations Thread 66" [_thread_blocked, id=1608, stack(0x00000062bcd00000,0x00000062bce00000)]
  0x0000017764293cf0 JavaThread "Unconstrained build operations Thread 67" [_thread_blocked, id=6080, stack(0x00000062bce00000,0x00000062bcf00000)]
  0x00000177642932d0 JavaThread "Unconstrained build operations Thread 68" [_thread_blocked, id=7564, stack(0x00000062bcf00000,0x00000062bd000000)]
  0x0000017764294710 JavaThread "Unconstrained build operations Thread 69" [_thread_blocked, id=2404, stack(0x00000062bd000000,0x00000062bd100000)]
  0x0000017764294c20 JavaThread "Unconstrained build operations Thread 70" [_thread_blocked, id=12340, stack(0x00000062bd100000,0x00000062bd200000)]

Other Threads:
=>0x000001771aa20480 VMThread "VM Thread" [stack: 0x00000062b4b00000,0x00000062b4c00000] [id=11144]
  0x000001771acd3150 WatcherThread [stack: 0x00000062b5700000,0x00000062b5800000] [id=13788]
  0x0000017775bf5d70 GCTaskThread "GC Thread#0" [stack: 0x00000062b4600000,0x00000062b4700000] [id=4976]
  0x000001776016de10 GCTaskThread "GC Thread#1" [stack: 0x00000062b5a00000,0x00000062b5b00000] [id=11412]
  0x000001776073ba50 GCTaskThread "GC Thread#2" [stack: 0x00000062b5b00000,0x00000062b5c00000] [id=2580]
  0x000001776034ce90 GCTaskThread "GC Thread#3" [stack: 0x00000062b5c00000,0x00000062b5d00000] [id=7820]
  0x000001776034d150 GCTaskThread "GC Thread#4" [stack: 0x00000062b5d00000,0x00000062b5e00000] [id=14268]
  0x00000177613825a0 GCTaskThread "GC Thread#5" [stack: 0x00000062b6900000,0x00000062b6a00000] [id=12380]
  0x00000177610e2d50 GCTaskThread "GC Thread#6" [stack: 0x00000062b6a00000,0x00000062b6b00000] [id=10488]
  0x0000017761964330 GCTaskThread "GC Thread#7" [stack: 0x00000062b6b00000,0x00000062b6c00000] [id=8572]
  0x0000017775c06bd0 ConcurrentGCThread "G1 Main Marker" [stack: 0x00000062b4700000,0x00000062b4800000] [id=15264]
  0x0000017775c07c90 ConcurrentGCThread "G1 Conc#0" [stack: 0x00000062b4800000,0x00000062b4900000] [id=10720]
  0x0000017762dc3230 ConcurrentGCThread "G1 Conc#1" [stack: 0x00000062b7000000,0x00000062b7100000] [id=10676]
  0x000001771a8c20b0 ConcurrentGCThread "G1 Refine#0" [stack: 0x00000062b4900000,0x00000062b4a00000] [id=3352]
  0x0000017764414500 ConcurrentGCThread "G1 Refine#1" [stack: 0x00000062b7800000,0x00000062b7900000] [id=9664]
  0x0000017763825150 ConcurrentGCThread "G1 Refine#2" [stack: 0x00000062b9800000,0x00000062b9900000] [id=12936]
  0x000001771a8c29f0 ConcurrentGCThread "G1 Service" [stack: 0x00000062b4a00000,0x00000062b4b00000] [id=5412]

Threads with active compile tasks:
C2 CompilerThread0    34966 10730       4       groovy.lang.MetaClassImpl::inheritInterfaceNewMetaMethods (195 bytes)
C2 CompilerThread1    34966 10806 %     4       org.gradle.internal.instantiation.generator.AbstractClassGenerator::inspectType @ 250 (560 bytes)

VM state: at safepoint (normal execution)

VM Mutex/Monitor currently owned by a thread:  ([mutex/lock_event])
[0x0000017775b85640] Threads_lock - owner thread: 0x000001771aa20480
[0x0000017775b859a0] Heap_lock - owner thread: 0x0000017760271950

Heap address: 0x0000000700000000, size: 4096 MB, Compressed Oops mode: Zero based, Oop shift amount: 3

CDS archive(s) mapped at: [0x000001771b000000-0x000001771bbd0000-0x000001771bbd0000), size 12386304, SharedBaseAddress: 0x000001771b000000, ArchiveRelocationMode: 1.
Compressed class space mapped at: 0x000001771c000000-0x000001775c000000, reserved size: 1073741824
Narrow klass base: 0x000001771b000000, Narrow klass shift: 0, Narrow klass range: 0x100000000

GC Precious Log:
 CPUs: 8 total, 8 available
 Memory: 7881M
 Large Page Support: Disabled
 NUMA Support: Disabled
 Compressed Oops: Enabled (Zero based)
 Heap Region Size: 2M
 Heap Min Capacity: 8M
 Heap Initial Capacity: 124M
 Heap Max Capacity: 4G
 Pre-touch: Disabled
 Parallel Workers: 8
 Concurrent Workers: 2
 Concurrent Refinement Workers: 8
 Periodic GC: Disabled

Heap:
 garbage-first heap   total 233472K, used 131478K [0x0000000700000000, 0x0000000800000000)
  region size 2048K, 1 young (2048K), 1 survivors (2048K)
 Metaspace       used 79801K, committed 80640K, reserved 1179648K
  class space    used 11019K, committed 11456K, reserved 1048576K

Heap Regions: E=young(eden), S=young(survivor), O=old, HS=humongous(starts), HC=humongous(continues), CS=collection set, F=free, OA=open archive, CA=closed archive, TAMS=top-at-mark-start (previous, next)
|   0|0x0000000700000000, 0x0000000700200000, 0x0000000700200000|100%| O|  |TAMS 0x0000000700200000, 0x0000000700000000| Untracked 
|   1|0x0000000700200000, 0x0000000700400000, 0x0000000700400000|100%|HS|  |TAMS 0x0000000700400000, 0x0000000700200000| Complete 
|   2|0x0000000700400000, 0x0000000700600000, 0x0000000700600000|100%|HC|  |TAMS 0x0000000700600000, 0x0000000700400000| Complete 
|   3|0x0000000700600000, 0x0000000700800000, 0x0000000700800000|100%| O|  |TAMS 0x0000000700800000, 0x0000000700600000| Untracked 
|   4|0x0000000700800000, 0x0000000700a00000, 0x0000000700a00000|100%| O|  |TAMS 0x0000000700a00000, 0x0000000700800000| Untracked 
|   5|0x0000000700a00000, 0x0000000700c00000, 0x0000000700c00000|100%| O|  |TAMS 0x0000000700c00000, 0x0000000700a00000| Untracked 
|   6|0x0000000700c00000, 0x0000000700e00000, 0x0000000700e00000|100%| O|  |TAMS 0x0000000700e00000, 0x0000000700c00000| Untracked 
|   7|0x0000000700e00000, 0x0000000701000000, 0x0000000701000000|100%| O|  |TAMS 0x0000000701000000, 0x0000000700e00000| Untracked 
|   8|0x0000000701000000, 0x0000000701200000, 0x0000000701200000|100%| O|  |TAMS 0x0000000701200000, 0x0000000701000000| Untracked 
|   9|0x0000000701200000, 0x0000000701400000, 0x0000000701400000|100%| O|  |TAMS 0x0000000701400000, 0x0000000701200000| Untracked 
|  10|0x0000000701400000, 0x0000000701600000, 0x0000000701600000|100%| O|  |TAMS 0x0000000701600000, 0x0000000701400000| Untracked 
|  11|0x0000000701600000, 0x0000000701800000, 0x0000000701800000|100%| O|  |TAMS 0x0000000701800000, 0x0000000701600000| Untracked 
|  12|0x0000000701800000, 0x0000000701a00000, 0x0000000701a00000|100%| O|  |TAMS 0x0000000701a00000, 0x0000000701800000| Untracked 
|  13|0x0000000701a00000, 0x0000000701c00000, 0x0000000701c00000|100%| O|  |TAMS 0x0000000701c00000, 0x0000000701a00000| Untracked 
|  14|0x0000000701c00000, 0x0000000701e00000, 0x0000000701e00000|100%| O|  |TAMS 0x0000000701e00000, 0x0000000701c00000| Untracked 
|  15|0x0000000701e00000, 0x0000000702000000, 0x0000000702000000|100%| O|  |TAMS 0x0000000702000000, 0x0000000701e00000| Untracked 
|  16|0x0000000702000000, 0x0000000702200000, 0x0000000702200000|100%| O|  |TAMS 0x0000000702200000, 0x0000000702000000| Untracked 
|  17|0x0000000702200000, 0x0000000702400000, 0x0000000702400000|100%| O|  |TAMS 0x0000000702400000, 0x0000000702200000| Untracked 
|  18|0x0000000702400000, 0x0000000702600000, 0x0000000702600000|100%| O|  |TAMS 0x0000000702600000, 0x0000000702400000| Untracked 
|  19|0x0000000702600000, 0x0000000702800000, 0x0000000702800000|100%| O|  |TAMS 0x0000000702800000, 0x0000000702600000| Untracked 
|  20|0x0000000702800000, 0x0000000702a00000, 0x0000000702a00000|100%| O|  |TAMS 0x0000000702a00000, 0x0000000702800000| Untracked 
|  21|0x0000000702a00000, 0x0000000702a00000, 0x0000000702c00000|  0%| F|  |TAMS 0x0000000702a00000, 0x0000000702a00000| Untracked 
|  22|0x0000000702c00000, 0x0000000702e00000, 0x0000000702e00000|100%|HS|  |TAMS 0x0000000702e00000, 0x0000000702c00000| Complete 
|  23|0x0000000702e00000, 0x0000000703000000, 0x0000000703000000|100%|HS|  |TAMS 0x0000000703000000, 0x0000000702e00000| Complete 
|  24|0x0000000703000000, 0x0000000703200000, 0x0000000703200000|100%| O|  |TAMS 0x0000000703200000, 0x0000000703000000| Untracked 
|  25|0x0000000703200000, 0x0000000703400000, 0x0000000703400000|100%| O|  |TAMS 0x0000000703400000, 0x0000000703200000| Untracked 
|  26|0x0000000703400000, 0x0000000703600000, 0x0000000703600000|100%| O|  |TAMS 0x0000000703600000, 0x0000000703400000| Untracked 
|  27|0x0000000703600000, 0x0000000703800000, 0x0000000703800000|100%| O|  |TAMS 0x0000000703800000, 0x0000000703600000| Untracked 
|  28|0x0000000703800000, 0x0000000703a00000, 0x0000000703a00000|100%| O|  |TAMS 0x0000000703a00000, 0x0000000703800000| Untracked 
|  29|0x0000000703a00000, 0x0000000703c00000, 0x0000000703c00000|100%|HS|  |TAMS 0x0000000703c00000, 0x0000000703a00000| Complete 
|  30|0x0000000703c00000, 0x0000000703e00000, 0x0000000703e00000|100%| O|  |TAMS 0x0000000703e00000, 0x0000000703c00000| Untracked 
|  31|0x0000000703e00000, 0x0000000704000000, 0x0000000704000000|100%|HS|  |TAMS 0x0000000704000000, 0x0000000703e00000| Complete 
|  32|0x0000000704000000, 0x0000000704200000, 0x0000000704200000|100%|HC|  |TAMS 0x0000000704200000, 0x0000000704000000| Complete 
|  33|0x0000000704200000, 0x0000000704200000, 0x0000000704400000|  0%| F|  |TAMS 0x0000000704200000, 0x0000000704200000| Untracked 
|  34|0x0000000704400000, 0x0000000704600000, 0x0000000704600000|100%| O|  |TAMS 0x0000000704600000, 0x0000000704400000| Untracked 
|  35|0x0000000704600000, 0x0000000704800000, 0x0000000704800000|100%| O|  |TAMS 0x0000000704800000, 0x0000000704600000| Untracked 
|  36|0x0000000704800000, 0x0000000704a00000, 0x0000000704a00000|100%| O|  |TAMS 0x0000000704a00000, 0x0000000704800000| Untracked 
|  37|0x0000000704a00000, 0x0000000704c00000, 0x0000000704c00000|100%| O|  |TAMS 0x0000000704c00000, 0x0000000704a00000| Untracked 
|  38|0x0000000704c00000, 0x0000000704e00000, 0x0000000704e00000|100%| O|  |TAMS 0x0000000704e00000, 0x0000000704c00000| Untracked 
|  39|0x0000000704e00000, 0x0000000705000000, 0x0000000705000000|100%| O|  |TAMS 0x0000000705000000, 0x0000000704e00000| Untracked 
|  40|0x0000000705000000, 0x0000000705200000, 0x0000000705200000|100%| O|  |TAMS 0x0000000705200000, 0x0000000705000000| Untracked 
|  41|0x0000000705200000, 0x0000000705400000, 0x0000000705400000|100%| O|  |TAMS 0x0000000705400000, 0x0000000705200000| Untracked 
|  42|0x0000000705400000, 0x0000000705600000, 0x0000000705600000|100%| O|  |TAMS 0x0000000705600000, 0x0000000705400000| Untracked 
|  43|0x0000000705600000, 0x0000000705800000, 0x0000000705800000|100%| O|  |TAMS 0x0000000705800000, 0x0000000705600000| Untracked 
|  44|0x0000000705800000, 0x0000000705a00000, 0x0000000705a00000|100%| O|  |TAMS 0x0000000705a00000, 0x0000000705800000| Untracked 
|  45|0x0000000705a00000, 0x0000000705c00000, 0x0000000705c00000|100%| O|  |TAMS 0x0000000705c00000, 0x0000000705a00000| Untracked 
|  46|0x0000000705c00000, 0x0000000705e00000, 0x0000000705e00000|100%| O|  |TAMS 0x0000000705e00000, 0x0000000705c00000| Untracked 
|  47|0x0000000705e00000, 0x0000000706000000, 0x0000000706000000|100%| O|  |TAMS 0x0000000705fb0400, 0x0000000705e00000| Untracked 
|  48|0x0000000706000000, 0x0000000706200000, 0x0000000706200000|100%| O|  |TAMS 0x0000000706000000, 0x0000000706000000| Untracked 
|  49|0x0000000706200000, 0x0000000706400000, 0x0000000706400000|100%| O|  |TAMS 0x0000000706400000, 0x0000000706200000| Untracked 
|  50|0x0000000706400000, 0x0000000706600000, 0x0000000706600000|100%| O|  |TAMS 0x0000000706600000, 0x0000000706400000| Untracked 
|  51|0x0000000706600000, 0x0000000706800000, 0x0000000706800000|100%| O|  |TAMS 0x0000000706800000, 0x0000000706600000| Untracked 
|  52|0x0000000706800000, 0x0000000706a00000, 0x0000000706a00000|100%| O|  |TAMS 0x0000000706a00000, 0x0000000706800000| Untracked 
|  53|0x0000000706a00000, 0x0000000706c00000, 0x0000000706c00000|100%| O|  |TAMS 0x0000000706a00000, 0x0000000706a00000| Untracked 
|  54|0x0000000706c00000, 0x0000000706e00000, 0x0000000706e00000|100%|HS|  |TAMS 0x0000000706c00000, 0x0000000706c00000| Complete 
|  55|0x0000000706e00000, 0x0000000707000000, 0x0000000707000000|100%|HC|  |TAMS 0x0000000706e00000, 0x0000000706e00000| Complete 
|  56|0x0000000707000000, 0x0000000707200000, 0x0000000707200000|100%|HS|  |TAMS 0x0000000707000000, 0x0000000707000000| Complete 
|  57|0x0000000707200000, 0x0000000707400000, 0x0000000707400000|100%| O|  |TAMS 0x0000000707200000, 0x0000000707200000| Untracked 
|  58|0x0000000707400000, 0x0000000707600000, 0x0000000707600000|100%| O|  |TAMS 0x0000000707400000, 0x0000000707400000| Untracked 
|  59|0x0000000707600000, 0x0000000707800000, 0x0000000707800000|100%| O|  |TAMS 0x0000000707600000, 0x0000000707600000| Untracked 
|  60|0x0000000707800000, 0x0000000707a00000, 0x0000000707a00000|100%| O|  |TAMS 0x0000000707800000, 0x0000000707800000| Untracked 
|  61|0x0000000707a00000, 0x0000000707c00000, 0x0000000707c00000|100%| O|  |TAMS 0x0000000707a00000, 0x0000000707a00000| Untracked 
|  62|0x0000000707c00000, 0x0000000707e00000, 0x0000000707e00000|100%| O|  |TAMS 0x0000000707c00000, 0x0000000707c00000| Untracked 
|  63|0x0000000707e00000, 0x0000000708000000, 0x0000000708000000|100%| O|  |TAMS 0x0000000707e00000, 0x0000000707e00000| Untracked 
|  64|0x0000000708000000, 0x0000000708200000, 0x0000000708200000|100%| O|  |TAMS 0x0000000708000000, 0x0000000708000000| Untracked 
|  65|0x0000000708200000, 0x000000070834e600, 0x0000000708400000| 65%| O|  |TAMS 0x0000000708200000, 0x0000000708200000| Untracked 
|  66|0x0000000708400000, 0x0000000708400000, 0x0000000708600000|  0%| F|  |TAMS 0x0000000708400000, 0x0000000708400000| Untracked 
|  67|0x0000000708600000, 0x0000000708600000, 0x0000000708800000|  0%| F|  |TAMS 0x0000000708600000, 0x0000000708600000| Untracked 
|  68|0x0000000708800000, 0x0000000708800000, 0x0000000708a00000|  0%| F|  |TAMS 0x0000000708800000, 0x0000000708800000| Untracked 
|  69|0x0000000708a00000, 0x0000000708a00000, 0x0000000708c00000|  0%| F|  |TAMS 0x0000000708a00000, 0x0000000708a00000| Untracked 
|  70|0x0000000708c00000, 0x0000000708c00000, 0x0000000708e00000|  0%| F|  |TAMS 0x0000000708c00000, 0x0000000708c00000| Untracked 
|  71|0x0000000708e00000, 0x0000000708e00000, 0x0000000709000000|  0%| F|  |TAMS 0x0000000708e00000, 0x0000000708e00000| Untracked 
|  72|0x0000000709000000, 0x0000000709000000, 0x0000000709200000|  0%| F|  |TAMS 0x0000000709000000, 0x0000000709000000| Untracked 
|  73|0x0000000709200000, 0x0000000709200000, 0x0000000709400000|  0%| F|  |TAMS 0x0000000709200000, 0x0000000709200000| Untracked 
|  74|0x0000000709400000, 0x0000000709400000, 0x0000000709600000|  0%| F|  |TAMS 0x0000000709400000, 0x0000000709400000| Untracked 
|  75|0x0000000709600000, 0x0000000709600000, 0x0000000709800000|  0%| F|  |TAMS 0x0000000709600000, 0x0000000709600000| Untracked 
|  76|0x0000000709800000, 0x0000000709800000, 0x0000000709a00000|  0%| F|  |TAMS 0x0000000709800000, 0x0000000709800000| Untracked 
|  77|0x0000000709a00000, 0x0000000709a00000, 0x0000000709c00000|  0%| F|  |TAMS 0x0000000709a00000, 0x0000000709a00000| Untracked 
|  78|0x0000000709c00000, 0x0000000709c00000, 0x0000000709e00000|  0%| F|  |TAMS 0x0000000709c00000, 0x0000000709c00000| Untracked 
|  79|0x0000000709e00000, 0x0000000709e00000, 0x000000070a000000|  0%| F|  |TAMS 0x0000000709e00000, 0x0000000709e00000| Untracked 
|  80|0x000000070a000000, 0x000000070a000000, 0x000000070a200000|  0%| F|  |TAMS 0x000000070a000000, 0x000000070a000000| Untracked 
|  81|0x000000070a200000, 0x000000070a200000, 0x000000070a400000|  0%| F|  |TAMS 0x000000070a200000, 0x000000070a200000| Untracked 
|  82|0x000000070a400000, 0x000000070a400000, 0x000000070a600000|  0%| F|  |TAMS 0x000000070a400000, 0x000000070a400000| Untracked 
|  83|0x000000070a600000, 0x000000070a600000, 0x000000070a800000|  0%| F|  |TAMS 0x000000070a600000, 0x000000070a600000| Untracked 
|  84|0x000000070a800000, 0x000000070a800000, 0x000000070aa00000|  0%| F|  |TAMS 0x000000070a800000, 0x000000070a800000| Untracked 
|  85|0x000000070aa00000, 0x000000070aa00000, 0x000000070ac00000|  0%| F|  |TAMS 0x000000070aa00000, 0x000000070aa00000| Untracked 
|  86|0x000000070ac00000, 0x000000070ac00000, 0x000000070ae00000|  0%| F|  |TAMS 0x000000070ac00000, 0x000000070ac00000| Untracked 
|  87|0x000000070ae00000, 0x000000070ae00000, 0x000000070b000000|  0%| F|  |TAMS 0x000000070ae00000, 0x000000070ae00000| Untracked 
|  88|0x000000070b000000, 0x000000070b000000, 0x000000070b200000|  0%| F|  |TAMS 0x000000070b000000, 0x000000070b000000| Untracked 
|  89|0x000000070b200000, 0x000000070b200000, 0x000000070b400000|  0%| F|  |TAMS 0x000000070b200000, 0x000000070b200000| Untracked 
|  90|0x000000070b400000, 0x000000070b400000, 0x000000070b600000|  0%| F|  |TAMS 0x000000070b400000, 0x000000070b400000| Untracked 
|  91|0x000000070b600000, 0x000000070b600000, 0x000000070b800000|  0%| F|  |TAMS 0x000000070b600000, 0x000000070b600000| Untracked 
|  92|0x000000070b800000, 0x000000070b800000, 0x000000070ba00000|  0%| F|  |TAMS 0x000000070b800000, 0x000000070b800000| Untracked 
|  93|0x000000070ba00000, 0x000000070ba00000, 0x000000070bc00000|  0%| F|  |TAMS 0x000000070ba00000, 0x000000070ba00000| Untracked 
|  94|0x000000070bc00000, 0x000000070bc00000, 0x000000070be00000|  0%| F|  |TAMS 0x000000070bc00000, 0x000000070bc00000| Untracked 
|  95|0x000000070be00000, 0x000000070be00000, 0x000000070c000000|  0%| F|  |TAMS 0x000000070be00000, 0x000000070be00000| Untracked 
|  96|0x000000070c000000, 0x000000070c000000, 0x000000070c200000|  0%| F|  |TAMS 0x000000070c000000, 0x000000070c000000| Untracked 
|  97|0x000000070c200000, 0x000000070c200000, 0x000000070c400000|  0%| F|  |TAMS 0x000000070c200000, 0x000000070c200000| Untracked 
|  98|0x000000070c400000, 0x000000070c400000, 0x000000070c600000|  0%| F|  |TAMS 0x000000070c400000, 0x000000070c400000| Untracked 
|  99|0x000000070c600000, 0x000000070c600000, 0x000000070c800000|  0%| F|  |TAMS 0x000000070c600000, 0x000000070c600000| Untracked 
| 100|0x000000070c800000, 0x000000070c800000, 0x000000070ca00000|  0%| F|  |TAMS 0x000000070c800000, 0x000000070c800000| Untracked 
| 101|0x000000070ca00000, 0x000000070ca00000, 0x000000070cc00000|  0%| F|  |TAMS 0x000000070ca00000, 0x000000070ca00000| Untracked 
| 102|0x000000070cc00000, 0x000000070cc00000, 0x000000070ce00000|  0%| F|  |TAMS 0x000000070cc00000, 0x000000070cc00000| Untracked 
| 103|0x000000070ce00000, 0x000000070ce00000, 0x000000070d000000|  0%| F|  |TAMS 0x000000070ce00000, 0x000000070ce00000| Untracked 
| 104|0x000000070d000000, 0x000000070d000000, 0x000000070d200000|  0%| F|  |TAMS 0x000000070d000000, 0x000000070d000000| Untracked 
| 105|0x000000070d200000, 0x000000070d200000, 0x000000070d400000|  0%| F|  |TAMS 0x000000070d200000, 0x000000070d200000| Untracked 
| 106|0x000000070d400000, 0x000000070d400000, 0x000000070d600000|  0%| F|  |TAMS 0x000000070d400000, 0x000000070d400000| Untracked 
| 107|0x000000070d600000, 0x000000070d600000, 0x000000070d800000|  0%| F|  |TAMS 0x000000070d600000, 0x000000070d600000| Untracked 
| 108|0x000000070d800000, 0x000000070d800000, 0x000000070da00000|  0%| F|  |TAMS 0x000000070d800000, 0x000000070d800000| Untracked 
| 109|0x000000070da00000, 0x000000070da00000, 0x000000070dc00000|  0%| F|  |TAMS 0x000000070da00000, 0x000000070da00000| Untracked 
| 110|0x000000070dc00000, 0x000000070dc00000, 0x000000070de00000|  0%| F|  |TAMS 0x000000070dc00000, 0x000000070dc00000| Untracked 
| 111|0x000000070de00000, 0x000000070de00000, 0x000000070e000000|  0%| F|  |TAMS 0x000000070de00000, 0x000000070de00000| Untracked 
| 112|0x000000070e000000, 0x000000070e117480, 0x000000070e200000| 54%| S|CS|TAMS 0x000000070e000000, 0x000000070e000000| Complete 
| 113|0x000000070e200000, 0x000000070e200000, 0x000000070e400000|  0%| F|  |TAMS 0x000000070e200000, 0x000000070e200000| Untracked 

Card table byte_map: [0x000001770f000000,0x000001770f800000] _byte_map_base: 0x000001770b800000

Marking Bits (Prev, Next): (CMBitMap*) 0x0000017775bf62e0, (CMBitMap*) 0x0000017775bf62a0
 Prev Bits: [0x0000017714000000, 0x0000017718000000)
 Next Bits: [0x0000017710000000, 0x0000017714000000)

Polling page: 0x0000017775c50000

Metaspace:

Usage:
  Non-class:     67.17 MB used.
      Class:     10.76 MB used.
       Both:     77.93 MB used.

Virtual space:
  Non-class space:      128.00 MB reserved,      67.56 MB ( 53%) committed,  2 nodes.
      Class space:        1.00 GB reserved,      11.19 MB (  1%) committed,  1 nodes.
             Both:        1.12 GB reserved,      78.75 MB (  7%) committed. 

Chunk freelists:
   Non-Class:  11.62 MB
       Class:  4.67 MB
        Both:  16.30 MB

MaxMetaspaceSize: 2.00 GB
CompressedClassSpaceSize: 1.00 GB
Initial GC threshold: 21.00 MB
Current GC threshold: 128.75 MB
CDS: on
MetaspaceReclaimPolicy: balanced
 - commit_granule_bytes: 65536.
 - commit_granule_words: 8192.
 - virtual_space_node_default_size: 8388608.
 - enlarge_chunks_in_place: 1.
 - new_chunks_are_fully_committed: 0.
 - uncommit_free_chunks: 1.
 - use_allocation_guard: 0.
 - handle_deallocations: 1.


Internal statistics:

num_allocs_failed_limit: 6.
num_arena_births: 970.
num_arena_deaths: 0.
num_vsnodes_births: 3.
num_vsnodes_deaths: 0.
num_space_committed: 1260.
num_space_uncommitted: 0.
num_chunks_returned_to_freelist: 6.
num_chunks_taken_from_freelist: 4309.
num_chunk_merges: 6.
num_chunk_splits: 2851.
num_chunks_enlarged: 1910.
num_inconsistent_stats: 0.

CodeHeap 'non-profiled nmethods': size=120000Kb used=5784Kb max_used=5784Kb free=114215Kb
 bounds [0x0000017707ad0000, 0x0000017708080000, 0x000001770f000000]
CodeHeap 'profiled nmethods': size=120000Kb used=18116Kb max_used=18116Kb free=101883Kb
 bounds [0x0000017700000000, 0x00000177011c0000, 0x0000017707530000]
CodeHeap 'non-nmethods': size=5760Kb used=2378Kb max_used=2458Kb free=3381Kb
 bounds [0x0000017707530000, 0x00000177077b0000, 0x0000017707ad0000]
 total_blobs=10128 nmethods=9222 adapters=818
 compilation: enabled
              stopped_count=0, restarted_count=0
 full_count=0

Compilation events (20 events):
Event: 34.762 Thread 0x000001771aa3fe90 10843       1       com.android.build.gradle.internal.api.DefaultAndroidSourceDirectorySet::getFilter (5 bytes)
Event: 34.762 Thread 0x000001771aa3fe90 nmethod 10843 0x0000017708075e90 code [0x0000017708076020, 0x00000177080760f8]
Event: 34.771 Thread 0x000001771aa3fe90 10844       3       org.gradle.internal.classloader.CachingClassLoader::getResource (59 bytes)
Event: 34.772 Thread 0x000001771aa3fe90 nmethod 10844 0x00000177011a8d10 code [0x00000177011a8f00, 0x00000177011a9428]
Event: 34.772 Thread 0x000001771aa3fe90 10845       3       org.gradle.api.internal.plugins.ClassloaderBackedPluginDescriptorLocator::findPluginDescriptor (47 bytes)
Event: 34.773 Thread 0x000001771aa3fe90 nmethod 10845 0x00000177011a9590 code [0x00000177011a97e0, 0x00000177011aa088]
Event: 34.774 Thread 0x000001771aa3fe90 10846       3       org.gradle.api.internal.plugins.ClassloaderBackedPluginDescriptorLocator::<init> (10 bytes)
Event: 34.775 Thread 0x000001771aa3fe90 nmethod 10846 0x00000177011aa390 code [0x00000177011aa520, 0x00000177011aa6d8]
Event: 34.775 Thread 0x000001771aa3fe90 10847       3       org.gradle.api.internal.plugins.DefaultPluginRegistry$1::load (9 bytes)
Event: 34.775 Thread 0x000001771aa3fe90 nmethod 10847 0x00000177011aa790 code [0x00000177011aa940, 0x00000177011aab88]
Event: 34.775 Thread 0x000001771aa3fe90 10848   !   3       org.gradle.api.internal.plugins.DefaultPluginRegistry$1::load (163 bytes)
Event: 34.778 Thread 0x000001771aa3fe90 nmethod 10848 0x00000177011aac90 code [0x00000177011ab160, 0x00000177011add08]
Event: 34.783 Thread 0x000001771aa3fe90 10849       3       jdk.internal.module.Resources::toPackageName (39 bytes)
Event: 34.784 Thread 0x000001771aa3fe90 nmethod 10849 0x00000177011aec10 code [0x00000177011aee40, 0x00000177011af4d8]
Event: 34.784 Thread 0x000001771aa3fe90 10850   !   3       jdk.internal.loader.BuiltinClassLoader::findMiscResource (122 bytes)
Event: 34.785 Thread 0x000001771aa3fe90 nmethod 10850 0x00000177011af790 code [0x00000177011afa40, 0x00000177011b0e58]
Event: 34.808 Thread 0x000001771aa3fe90 10851       3       org.gradle.internal.instantiation.generator.AsmBackedClassGenerator$ClassBuilderImpl::generateToStringSupport (17 bytes)
Event: 34.809 Thread 0x000001771aa3fe90 nmethod 10851 0x00000177011b1390 code [0x00000177011b15a0, 0x00000177011b1c18]
Event: 34.809 Thread 0x000001771aa3fe90 10852       3       org.gradle.internal.instantiation.generator.AsmBackedClassGenerator$ClassBuilderImpl$$Lambda$139/0x000001771c1b54e0::<init> (10 bytes)
Event: 34.809 Thread 0x000001771aa3fe90 nmethod 10852 0x00000177011b1e90 code [0x00000177011b2020, 0x00000177011b21d8]

GC Heap History (20 events):
Event: 24.088 GC heap after
{Heap after GC invocations=24 (full 0):
 garbage-first heap   total 116736K, used 61106K [0x0000000700000000, 0x0000000800000000)
  region size 2048K, 2 young (4096K), 2 survivors (4096K)
 Metaspace       used 58248K, committed 58816K, reserved 1114112K
  class space    used 8320K, committed 8576K, reserved 1048576K
}
Event: 24.103 GC heap before
{Heap before GC invocations=24 (full 0):
 garbage-first heap   total 116736K, used 63154K [0x0000000700000000, 0x0000000800000000)
  region size 2048K, 3 young (6144K), 2 survivors (4096K)
 Metaspace       used 58248K, committed 58816K, reserved 1114112K
  class space    used 8320K, committed 8576K, reserved 1048576K
}
Event: 24.113 GC heap after
{Heap after GC invocations=25 (full 0):
 garbage-first heap   total 233472K, used 58362K [0x0000000700000000, 0x0000000800000000)
  region size 2048K, 1 young (2048K), 1 survivors (2048K)
 Metaspace       used 58248K, committed 58816K, reserved 1114112K
  class space    used 8320K, committed 8576K, reserved 1048576K
}
Event: 26.784 GC heap before
{Heap before GC invocations=25 (full 0):
 garbage-first heap   total 233472K, used 197626K [0x0000000700000000, 0x0000000800000000)
  region size 2048K, 65 young (133120K), 1 survivors (2048K)
 Metaspace       used 60540K, committed 61120K, reserved 1114112K
  class space    used 8605K, committed 8896K, reserved 1048576K
}
Event: 26.798 GC heap after
{Heap after GC invocations=26 (full 0):
 garbage-first heap   total 233472K, used 89610K [0x0000000700000000, 0x0000000800000000)
  region size 2048K, 9 young (18432K), 9 survivors (18432K)
 Metaspace       used 60540K, committed 61120K, reserved 1114112K
  class space    used 8605K, committed 8896K, reserved 1048576K
}
Event: 28.677 GC heap before
{Heap before GC invocations=26 (full 0):
 garbage-first heap   total 233472K, used 177674K [0x0000000700000000, 0x0000000800000000)
  region size 2048K, 53 young (108544K), 9 survivors (18432K)
 Metaspace       used 68117K, committed 68864K, reserved 1114112K
  class space    used 9441K, committed 9792K, reserved 1048576K
}
Event: 28.691 GC heap after
{Heap after GC invocations=27 (full 0):
 garbage-first heap   total 233472K, used 96573K [0x0000000700000000, 0x0000000800000000)
  region size 2048K, 4 young (8192K), 4 survivors (8192K)
 Metaspace       used 68117K, committed 68864K, reserved 1114112K
  class space    used 9441K, committed 9792K, reserved 1048576K
}
Event: 30.478 GC heap before
{Heap before GC invocations=27 (full 0):
 garbage-first heap   total 233472K, used 182589K [0x0000000700000000, 0x0000000800000000)
  region size 2048K, 46 young (94208K), 4 survivors (8192K)
 Metaspace       used 74333K, committed 75136K, reserved 1114112K
  class space    used 10288K, committed 10688K, reserved 1048576K
}
Event: 30.489 GC heap after
{Heap after GC invocations=28 (full 0):
 garbage-first heap   total 233472K, used 101623K [0x0000000700000000, 0x0000000800000000)
  region size 2048K, 6 young (12288K), 6 survivors (12288K)
 Metaspace       used 74333K, committed 75136K, reserved 1114112K
  class space    used 10288K, committed 10688K, reserved 1048576K
}
Event: 31.893 GC heap before
{Heap before GC invocations=28 (full 0):
 garbage-first heap   total 233472K, used 185591K [0x0000000700000000, 0x0000000800000000)
  region size 2048K, 47 young (96256K), 6 survivors (12288K)
 Metaspace       used 78012K, committed 78784K, reserved 1179648K
  class space    used 10806K, committed 11200K, reserved 1048576K
}
Event: 31.904 GC heap after
{Heap after GC invocations=29 (full 0):
 garbage-first heap   total 233472K, used 106571K [0x0000000700000000, 0x0000000800000000)
  region size 2048K, 6 young (12288K), 6 survivors (12288K)
 Metaspace       used 78012K, committed 78784K, reserved 1179648K
  class space    used 10806K, committed 11200K, reserved 1048576K
}
Event: 32.781 GC heap before
{Heap before GC invocations=29 (full 0):
 garbage-first heap   total 233472K, used 184395K [0x0000000700000000, 0x0000000800000000)
  region size 2048K, 45 young (92160K), 6 survivors (12288K)
 Metaspace       used 78268K, committed 79040K, reserved 1179648K
  class space    used 10813K, committed 11200K, reserved 1048576K
}
Event: 32.794 GC heap after
{Heap after GC invocations=30 (full 0):
 garbage-first heap   total 233472K, used 111618K [0x0000000700000000, 0x0000000800000000)
  region size 2048K, 5 young (10240K), 5 survivors (10240K)
 Metaspace       used 78268K, committed 79040K, reserved 1179648K
  class space    used 10813K, committed 11200K, reserved 1048576K
}
Event: 33.264 GC heap before
{Heap before GC invocations=30 (full 0):
 garbage-first heap   total 233472K, used 189442K [0x0000000700000000, 0x0000000800000000)
  region size 2048K, 43 young (88064K), 5 survivors (10240K)
 Metaspace       used 78269K, committed 79040K, reserved 1179648K
  class space    used 10814K, committed 11200K, reserved 1048576K
}
Event: 33.279 GC heap after
{Heap after GC invocations=31 (full 0):
 garbage-first heap   total 233472K, used 113952K [0x0000000700000000, 0x0000000800000000)
  region size 2048K, 4 young (8192K), 4 survivors (8192K)
 Metaspace       used 78269K, committed 79040K, reserved 1179648K
  class space    used 10814K, committed 11200K, reserved 1048576K
}
Event: 33.710 GC heap before
{Heap before GC invocations=31 (full 0):
 garbage-first heap   total 233472K, used 159008K [0x0000000700000000, 0x0000000800000000)
  region size 2048K, 28 young (57344K), 4 survivors (8192K)
 Metaspace       used 78276K, committed 79040K, reserved 1179648K
  class space    used 10814K, committed 11200K, reserved 1048576K
}
Event: 33.720 GC heap after
{Heap after GC invocations=32 (full 0):
 garbage-first heap   total 233472K, used 120430K [0x0000000700000000, 0x0000000800000000)
  region size 2048K, 6 young (12288K), 6 survivors (12288K)
 Metaspace       used 78276K, committed 79040K, reserved 1179648K
  class space    used 10814K, committed 11200K, reserved 1048576K
}
Event: 34.832 GC heap before
{Heap before GC invocations=33 (full 0):
 garbage-first heap   total 233472K, used 192110K [0x0000000700000000, 0x0000000800000000)
  region size 2048K, 38 young (77824K), 6 survivors (12288K)
 Metaspace       used 79675K, committed 80512K, reserved 1179648K
  class space    used 10995K, committed 11392K, reserved 1048576K
}
Event: 34.844 GC heap after
{Heap after GC invocations=34 (full 0):
 garbage-first heap   total 233472K, used 133234K [0x0000000700000000, 0x0000000800000000)
  region size 2048K, 4 young (8192K), 4 survivors (8192K)
 Metaspace       used 79675K, committed 80512K, reserved 1179648K
  class space    used 10995K, committed 11392K, reserved 1048576K
}
Event: 34.892 GC heap before
{Heap before GC invocations=34 (full 0):
 garbage-first heap   total 233472K, used 135282K [0x0000000700000000, 0x0000000800000000)
  region size 2048K, 5 young (10240K), 4 survivors (8192K)
 Metaspace       used 79801K, committed 80640K, reserved 1179648K
  class space    used 11019K, committed 11456K, reserved 1048576K
}

Deoptimization events (20 events):
Event: 34.442 Thread 0x0000017760271950 Uncommon trap: trap_request=0xfffffff4 fr.pc=0x0000017707c586a8 relative=0x0000000000000b28
Event: 34.442 Thread 0x0000017760271950 Uncommon trap: reason=null_check action=make_not_entrant pc=0x0000017707c586a8 method=com.sun.beans.introspect.MethodInfo$MethodOrder.compare(Ljava/lang/reflect/Method;Ljava/lang/reflect/Method;)I @ 145 c2
Event: 34.442 Thread 0x0000017760271950 DEOPT PACKING pc=0x0000017707c586a8 sp=0x00000062b62f0510
Event: 34.442 Thread 0x0000017760271950 DEOPT UNPACKING pc=0x00000177075823a3 sp=0x00000062b62f04b0 mode 2
Event: 34.514 Thread 0x0000017760271950 DEOPT PACKING pc=0x0000017700f072fe sp=0x00000062b62f02f0
Event: 34.514 Thread 0x0000017760271950 DEOPT UNPACKING pc=0x0000017707582b43 sp=0x00000062b62ef7a0 mode 0
Event: 34.545 Thread 0x0000017760271950 DEOPT PACKING pc=0x0000017700f072fe sp=0x00000062b62f0370
Event: 34.545 Thread 0x0000017760271950 DEOPT UNPACKING pc=0x0000017707582b43 sp=0x00000062b62ef820 mode 0
Event: 34.573 Thread 0x0000017760271950 Uncommon trap: trap_request=0xffffffd6 fr.pc=0x0000017707d6df8c relative=0x00000000000019cc
Event: 34.573 Thread 0x0000017760271950 Uncommon trap: reason=array_check action=maybe_recompile pc=0x0000017707d6df8c method=java.util.TimSort.reverseRange([Ljava/lang/Object;II)V @ 20 c2
Event: 34.573 Thread 0x0000017760271950 DEOPT PACKING pc=0x0000017707d6df8c sp=0x00000062b62f3e10
Event: 34.573 Thread 0x0000017760271950 DEOPT UNPACKING pc=0x00000177075823a3 sp=0x00000062b62f3cc8 mode 2
Event: 34.715 Thread 0x0000017760271950 Uncommon trap: trap_request=0xffffffbe fr.pc=0x0000017707b9dde8 relative=0x00000000000001c8
Event: 34.715 Thread 0x0000017760271950 Uncommon trap: reason=profile_predicate action=maybe_recompile pc=0x0000017707b9dde8 method=java.util.LinkedHashMap.keysToArray([Ljava/lang/Object;)[Ljava/lang/Object; @ 12 c2
Event: 34.715 Thread 0x0000017760271950 DEOPT PACKING pc=0x0000017707b9dde8 sp=0x00000062b62f0ce0
Event: 34.715 Thread 0x0000017760271950 DEOPT UNPACKING pc=0x00000177075823a3 sp=0x00000062b62f0c98 mode 2
Event: 34.716 Thread 0x0000017760271950 Uncommon trap: trap_request=0xffffffbe fr.pc=0x0000017707b9dde8 relative=0x00000000000001c8
Event: 34.716 Thread 0x0000017760271950 Uncommon trap: reason=profile_predicate action=maybe_recompile pc=0x0000017707b9dde8 method=java.util.LinkedHashMap.keysToArray([Ljava/lang/Object;)[Ljava/lang/Object; @ 12 c2
Event: 34.716 Thread 0x0000017760271950 DEOPT PACKING pc=0x0000017707b9dde8 sp=0x00000062b62f0ce0
Event: 34.716 Thread 0x0000017760271950 DEOPT UNPACKING pc=0x00000177075823a3 sp=0x00000062b62f0c98 mode 2

Classes unloaded (0 events):
No events

Classes redefined (0 events):
No events

Internal exceptions (20 events):
Event: 34.548 Thread 0x0000017760271950 Exception <a 'java/lang/ClassNotFoundException'{0x000000070a4d8500}: org/gradle/api/internal/artifacts/configurations/DefaultUnlockedConfiguration_DecoratedBeanInfo> (0x000000070a4d8500) 
thrown [s\open\src\hotspot\share\classfile\systemDictionary.cpp, line 256]
Event: 34.549 Thread 0x0000017760271950 Exception <a 'java/lang/ClassNotFoundException'{0x000000070a4fb4b8}: org/gradle/api/internal/artifacts/configurations/DefaultUnlockedConfigurationBeanInfo> (0x000000070a4fb4b8) 
thrown [s\open\src\hotspot\share\classfile\systemDictionary.cpp, line 256]
Event: 34.551 Thread 0x0000017760271950 Exception <a 'java/lang/ClassNotFoundException'{0x000000070a51de00}: org/gradle/api/internal/artifacts/configurations/DefaultConfigurationBeanInfo> (0x000000070a51de00) 
thrown [s\open\src\hotspot\share\classfile\systemDictionary.cpp, line 256]
Event: 34.552 Thread 0x0000017760271950 Exception <a 'java/lang/ClassNotFoundException'{0x000000070a53c858}: org/gradle/api/internal/file/AbstractFileCollectionBeanInfo> (0x000000070a53c858) 
thrown [s\open\src\hotspot\share\classfile\systemDictionary.cpp, line 256]
Event: 34.553 Thread 0x0000017760271950 Exception <a 'java/lang/ClassNotFoundException'{0x000000070a55b508}: org/gradle/api/internal/file/AbstractFileCollectionCustomizer> (0x000000070a55b508) 
thrown [s\open\src\hotspot\share\classfile\systemDictionary.cpp, line 256]
Event: 34.555 Thread 0x0000017760271950 Exception <a 'java/lang/ClassNotFoundException'{0x000000070a58f788}: org/gradle/api/internal/artifacts/configurations/DefaultConfigurationCustomizer> (0x000000070a58f788) 
thrown [s\open\src\hotspot\share\classfile\systemDictionary.cpp, line 256]
Event: 34.558 Thread 0x0000017760271950 Exception <a 'java/lang/ClassNotFoundException'{0x000000070a208e88}: org/gradle/api/internal/artifacts/configurations/DefaultUnlockedConfigurationCustomizer> (0x000000070a208e88) 
thrown [s\open\src\hotspot\share\classfile\systemDictionary.cpp, line 256]
Event: 34.560 Thread 0x0000017760271950 Exception <a 'java/lang/ClassNotFoundException'{0x000000070a239990}: org/gradle/api/internal/artifacts/configurations/DefaultUnlockedConfiguration_DecoratedCustomizer> (0x000000070a239990) 
thrown [s\open\src\hotspot\share\classfile\systemDictionary.cpp, line 256]
Event: 34.597 Thread 0x0000017760271950 Exception <a 'java/lang/ClassNotFoundException'{0x000000070a047bf8}: build_909fcb0orwvmef9m1n8dm76v2BeanInfo> (0x000000070a047bf8) 
thrown [s\open\src\hotspot\share\classfile\systemDictionary.cpp, line 256]
Event: 34.598 Thread 0x0000017760271950 Exception <a 'java/lang/ClassNotFoundException'{0x000000070a0514f0}: build_909fcb0orwvmef9m1n8dm76v2Customizer> (0x000000070a0514f0) 
thrown [s\open\src\hotspot\share\classfile\systemDictionary.cpp, line 256]
Event: 34.616 Thread 0x0000017760271950 Exception <a 'java/lang/ClassNotFoundException'{0x000000070a0c75b0}: org/gradle/api/JavaVersionBeanInfo> (0x000000070a0c75b0) 
thrown [s\open\src\hotspot\share\classfile\systemDictionary.cpp, line 256]
Event: 34.618 Thread 0x0000017760271950 Exception <a 'java/lang/ClassNotFoundException'{0x000000070a0e5718}: org/gradle/api/JavaVersionCustomizer> (0x000000070a0e5718) 
thrown [s\open\src\hotspot\share\classfile\systemDictionary.cpp, line 256]
Event: 34.637 Thread 0x0000017760271950 Exception <a 'java/lang/ClassNotFoundException'{0x000000070a197090}: com/android/build/gradle/internal/CompileOptions$AgpDecorated_DecoratedBeanInfo> (0x000000070a197090) 
thrown [s\open\src\hotspot\share\classfile\systemDictionary.cpp, line 256]
Event: 34.637 Thread 0x0000017760271950 Exception <a 'java/lang/ClassNotFoundException'{0x000000070a1a9b00}: com/android/build/gradle/internal/CompileOptions$AgpDecoratedBeanInfo> (0x000000070a1a9b00) 
thrown [s\open\src\hotspot\share\classfile\systemDictionary.cpp, line 256]
Event: 34.639 Thread 0x0000017760271950 Exception <a 'java/lang/ClassNotFoundException'{0x000000070a1bd0e8}: com/android/build/gradle/internal/CompileOptionsBeanInfo> (0x000000070a1bd0e8) 
thrown [s\open\src\hotspot\share\classfile\systemDictionary.cpp, line 256]
Event: 34.640 Thread 0x0000017760271950 Exception <a 'java/lang/ClassNotFoundException'{0x000000070a1d0678}: com/android/build/gradle/internal/CompileOptionsCustomizer> (0x000000070a1d0678) 
thrown [s\open\src\hotspot\share\classfile\systemDictionary.cpp, line 256]
Event: 34.641 Thread 0x0000017760271950 Exception <a 'java/lang/ClassNotFoundException'{0x000000070a1ef4b0}: com/android/build/gradle/internal/CompileOptions$AgpDecoratedCustomizer> (0x000000070a1ef4b0) 
thrown [s\open\src\hotspot\share\classfile\systemDictionary.cpp, line 256]
Event: 34.642 Thread 0x0000017760271950 Exception <a 'java/lang/ClassNotFoundException'{0x0000000709e05c88}: com/android/build/gradle/internal/CompileOptions$AgpDecorated_DecoratedCustomizer> (0x0000000709e05c88) 
thrown [s\open\src\hotspot\share\classfile\systemDictionary.cpp, line 256]
Event: 34.652 Thread 0x0000017760271950 Exception <a 'java/lang/ClassNotFoundException'{0x0000000709e73fc8}: org/jetbrains/kotlin/gradle/plugin/KotlinAndroidPlugin$apply$1$kotlinOptions$1BeanInfo> (0x0000000709e73fc8) 
thrown [s\open\src\hotspot\share\classfile\systemDictionary.cpp, line 256]
Event: 34.653 Thread 0x0000017760271950 Exception <a 'java/lang/ClassNotFoundException'{0x0000000709e86860}: org/jetbrains/kotlin/gradle/plugin/KotlinAndroidPlugin$apply$1$kotlinOptions$1Customizer> (0x0000000709e86860) 
thrown [s\open\src\hotspot\share\classfile\systemDictionary.cpp, line 256]

VM Operations (20 events):
Event: 30.575 Executing VM operation: HandshakeAllThreads done
Event: 31.581 Executing VM operation: Cleanup
Event: 31.582 Executing VM operation: Cleanup done
Event: 31.892 Executing VM operation: G1CollectForAllocation
Event: 31.904 Executing VM operation: G1CollectForAllocation done
Event: 32.781 Executing VM operation: G1CollectForAllocation
Event: 32.794 Executing VM operation: G1CollectForAllocation done
Event: 33.264 Executing VM operation: G1CollectForAllocation
Event: 33.280 Executing VM operation: G1CollectForAllocation done
Event: 33.710 Executing VM operation: G1TryInitiateConcMark
Event: 33.720 Executing VM operation: G1TryInitiateConcMark done
Event: 33.851 Executing VM operation: G1Concurrent
Event: 33.859 Executing VM operation: G1Concurrent done
Event: 33.931 Executing VM operation: G1Concurrent
Event: 33.931 Executing VM operation: G1Concurrent done
Event: 34.472 Executing VM operation: HandshakeAllThreads
Event: 34.472 Executing VM operation: HandshakeAllThreads done
Event: 34.832 Executing VM operation: G1CollectForAllocation
Event: 34.844 Executing VM operation: G1CollectForAllocation done
Event: 34.892 Executing VM operation: G1CollectForAllocation

Events (20 events):
Event: 33.918 loading class java/util/Stack
Event: 33.918 loading class java/util/Stack done
Event: 33.940 loading class org/xml/sax/ContentHandler
Event: 33.940 loading class org/xml/sax/ContentHandler done
Event: 33.940 loading class org/xml/sax/EntityResolver
Event: 33.940 loading class org/xml/sax/EntityResolver done
Event: 33.940 loading class org/xml/sax/DTDHandler
Event: 33.940 loading class org/xml/sax/DTDHandler done
Event: 33.957 loading class java/util/Spliterators$IntArraySpliterator
Event: 33.957 loading class java/util/Spliterators$IntArraySpliterator done
Event: 33.965 loading class java/text/ParsePosition
Event: 33.965 loading class java/text/ParsePosition done
Event: 33.976 loading class java/text/CharacterIterator
Event: 33.976 loading class java/text/CharacterIterator done
Event: 34.261 loading class java/beans/IntrospectionException
Event: 34.261 loading class java/beans/IntrospectionException done
Event: 34.470 loading class java/util/AbstractList$ListItr
Event: 34.470 loading class java/util/AbstractList$ListItr done
Event: 34.606 loading class jdk/internal/reflect/UnsafeQualifiedIntegerFieldAccessorImpl
Event: 34.607 loading class jdk/internal/reflect/UnsafeQualifiedIntegerFieldAccessorImpl done


Dynamic libraries:
0x00007ff608080000 - 0x00007ff608090000 	C:\Program Files\Java\jdk-17\bin\java.exe
0x00007ffea47f0000 - 0x00007ffea4a07000 	C:\WINDOWS\SYSTEM32\ntdll.dll
0x00007ffea35d0000 - 0x00007ffea3694000 	C:\WINDOWS\System32\KERNEL32.DLL
0x00007ffea1f10000 - 0x00007ffea22e1000 	C:\WINDOWS\System32\KERNELBASE.dll
0x00007ffea2370000 - 0x00007ffea2481000 	C:\WINDOWS\System32\ucrtbase.dll
0x00007ffe98770000 - 0x00007ffe98789000 	C:\Program Files\Java\jdk-17\bin\jli.dll
0x00007ffe98520000 - 0x00007ffe9853b000 	C:\Program Files\Java\jdk-17\bin\VCRUNTIME140.dll
0x00007ffea36f0000 - 0x00007ffea37a1000 	C:\WINDOWS\System32\ADVAPI32.dll
0x00007ffea3a20000 - 0x00007ffea3ac7000 	C:\WINDOWS\System32\msvcrt.dll
0x00007ffea37b0000 - 0x00007ffea3857000 	C:\WINDOWS\System32\sechost.dll
0x00007ffea2490000 - 0x00007ffea24b8000 	C:\WINDOWS\System32\bcrypt.dll
0x00007ffea3070000 - 0x00007ffea3184000 	C:\WINDOWS\System32\RPCRT4.dll
0x00007ffea3860000 - 0x00007ffea3a11000 	C:\WINDOWS\System32\USER32.dll
0x00007ffe981c0000 - 0x00007ffe98452000 	C:\WINDOWS\WinSxS\amd64_microsoft.windows.common-controls_6595b64144ccf1df_6.0.22621.4830_none_270fe7d773858e80\COMCTL32.dll
0x00007ffea19b0000 - 0x00007ffea19d6000 	C:\WINDOWS\System32\win32u.dll
0x00007ffea24c0000 - 0x00007ffea24e9000 	C:\WINDOWS\System32\GDI32.dll
0x00007ffea1df0000 - 0x00007ffea1f0b000 	C:\WINDOWS\System32\gdi32full.dll
0x00007ffe9d460000 - 0x00007ffe9d46a000 	C:\WINDOWS\SYSTEM32\VERSION.dll
0x00007ffea1c10000 - 0x00007ffea1caa000 	C:\WINDOWS\System32\msvcp_win.dll
0x00007ffea36a0000 - 0x00007ffea36d1000 	C:\WINDOWS\System32\IMM32.DLL
0x00007ffe9e170000 - 0x00007ffe9e17c000 	C:\Program Files\Java\jdk-17\bin\vcruntime140_1.dll
0x00007ffe8aa10000 - 0x00007ffe8aa9e000 	C:\Program Files\Java\jdk-17\bin\msvcp140.dll
0x00007ffe4fd90000 - 0x00007ffe50970000 	C:\Program Files\Java\jdk-17\bin\server\jvm.dll
0x00007ffea2660000 - 0x00007ffea2668000 	C:\WINDOWS\System32\PSAPI.DLL
0x00007ffe8f800000 - 0x00007ffe8f809000 	C:\WINDOWS\SYSTEM32\WSOCK32.dll
0x00007ffe9c060000 - 0x00007ffe9c094000 	C:\WINDOWS\SYSTEM32\WINMM.dll
0x00007ffea3ca0000 - 0x00007ffea3d11000 	C:\WINDOWS\System32\WS2_32.dll
0x00007ffea0940000 - 0x00007ffea0958000 	C:\WINDOWS\SYSTEM32\kernel.appcore.dll
0x00007ffe9c1b0000 - 0x00007ffe9c1ba000 	C:\Program Files\Java\jdk-17\bin\jimage.dll
0x00007ffe9a160000 - 0x00007ffe9a392000 	C:\WINDOWS\SYSTEM32\DBGHELP.DLL
0x00007ffea3210000 - 0x00007ffea35a0000 	C:\WINDOWS\System32\combase.dll
0x00007ffea2f90000 - 0x00007ffea3067000 	C:\WINDOWS\System32\OLEAUT32.dll
0x00007ffe99e90000 - 0x00007ffe99ec2000 	C:\WINDOWS\SYSTEM32\dbgcore.DLL
0x00007ffea1930000 - 0x00007ffea19ab000 	C:\WINDOWS\System32\bcryptPrimitives.dll
0x00007ffe99660000 - 0x00007ffe9966e000 	C:\Program Files\Java\jdk-17\bin\instrument.dll
0x00007ffe7bca0000 - 0x00007ffe7bcc5000 	C:\Program Files\Java\jdk-17\bin\java.dll
0x00007ffe5b870000 - 0x00007ffe5b947000 	C:\Program Files\Java\jdk-17\bin\jsvml.dll
0x00007ffea3f20000 - 0x00007ffea47a8000 	C:\WINDOWS\System32\SHELL32.dll
0x00007ffea1cb0000 - 0x00007ffea1def000 	C:\WINDOWS\System32\wintypes.dll
0x00007ffe9f840000 - 0x00007ffea014d000 	C:\WINDOWS\SYSTEM32\windows.storage.dll
0x00007ffea2550000 - 0x00007ffea265a000 	C:\WINDOWS\System32\SHCORE.dll
0x00007ffea24f0000 - 0x00007ffea254e000 	C:\WINDOWS\System32\shlwapi.dll
0x00007ffea1860000 - 0x00007ffea188b000 	C:\WINDOWS\SYSTEM32\profapi.dll
0x00007ffe88350000 - 0x00007ffe88368000 	C:\Program Files\Java\jdk-17\bin\zip.dll
0x00007ffe88270000 - 0x00007ffe88289000 	C:\Program Files\Java\jdk-17\bin\net.dll
0x00007ffe9bf30000 - 0x00007ffe9c05c000 	C:\WINDOWS\SYSTEM32\WINHTTP.dll
0x00007ffea0da0000 - 0x00007ffea0e0a000 	C:\WINDOWS\system32\mswsock.dll
0x00007ffe843b0000 - 0x00007ffe843c6000 	C:\Program Files\Java\jdk-17\bin\nio.dll
0x00007ffe993e0000 - 0x00007ffe993f0000 	C:\Program Files\Java\jdk-17\bin\verify.dll
0x00007ffe93780000 - 0x00007ffe937a7000 	C:\Users\Netizens\.gradle\native\c067742578af261105cb4f569cf0c3c89f3d7b1fecec35dd04571415982c5e48\windows-amd64\native-platform.dll
0x00007ffe58f70000 - 0x00007ffe590b4000 	C:\Users\Netizens\.gradle\native\100fb08df4bc3b14c8652ba06237920a3bd2aa13389f12d3474272988ae205f9\windows-amd64\native-platform-file-events.dll
0x00007ffe973f0000 - 0x00007ffe973fa000 	C:\Program Files\Java\jdk-17\bin\management.dll
0x00007ffe96890000 - 0x00007ffe9689b000 	C:\Program Files\Java\jdk-17\bin\management_ext.dll
0x00007ffea10f0000 - 0x00007ffea110b000 	C:\WINDOWS\SYSTEM32\CRYPTSP.dll
0x00007ffea08a0000 - 0x00007ffea08d7000 	C:\WINDOWS\system32\rsaenh.dll
0x00007ffea0e40000 - 0x00007ffea0e68000 	C:\WINDOWS\SYSTEM32\USERENV.dll
0x00007ffea10d0000 - 0x00007ffea10dc000 	C:\WINDOWS\SYSTEM32\CRYPTBASE.dll
0x00007ffea03b0000 - 0x00007ffea03dd000 	C:\WINDOWS\SYSTEM32\IPHLPAPI.DLL
0x00007ffea35a0000 - 0x00007ffea35a9000 	C:\WINDOWS\System32\NSI.dll
0x00007ffe9bd40000 - 0x00007ffe9bd59000 	C:\WINDOWS\SYSTEM32\dhcpcsvc6.DLL
0x00007ffe9bd20000 - 0x00007ffe9bd3f000 	C:\WINDOWS\SYSTEM32\dhcpcsvc.DLL
0x00007ffea0420000 - 0x00007ffea0522000 	C:\WINDOWS\SYSTEM32\DNSAPI.dll
0x00007ffe96010000 - 0x00007ffe9601e000 	C:\Program Files\Java\jdk-17\bin\sunmscapi.dll
0x00007ffea19e0000 - 0x00007ffea1b46000 	C:\WINDOWS\System32\CRYPT32.dll
0x00007ffea1200000 - 0x00007ffea122d000 	C:\WINDOWS\SYSTEM32\ncrypt.dll
0x00007ffea11c0000 - 0x00007ffea11f7000 	C:\WINDOWS\SYSTEM32\NTASN1.dll
0x00007ffe98970000 - 0x00007ffe98978000 	C:\WINDOWS\system32\wshunix.dll

dbghelp: loaded successfully - version: 4.0.5 - missing functions: none
symbol engine: initialized successfully - sym options: 0x614 - pdb path: .;C:\Program Files\Java\jdk-17\bin;C:\WINDOWS\SYSTEM32;C:\WINDOWS\WinSxS\amd64_microsoft.windows.common-controls_6595b64144ccf1df_6.0.22621.4830_none_270fe7d773858e80;C:\Program Files\Java\jdk-17\bin\server;C:\Users\Netizens\.gradle\native\c067742578af261105cb4f569cf0c3c89f3d7b1fecec35dd04571415982c5e48\windows-amd64;C:\Users\Netizens\.gradle\native\100fb08df4bc3b14c8652ba06237920a3bd2aa13389f12d3474272988ae205f9\windows-amd64

VM Arguments:
jvm_args: -XX:MaxMetaspaceSize=2G -XX:+HeapDumpOnOutOfMemoryError --add-opens=java.base/java.util=ALL-UNNAMED --add-opens=java.base/java.lang=ALL-UNNAMED --add-opens=java.base/java.lang.invoke=ALL-UNNAMED --add-opens=java.prefs/java.util.prefs=ALL-UNNAMED --add-exports=jdk.compiler/com.sun.tools.javac.api=ALL-UNNAMED --add-exports=jdk.compiler/com.sun.tools.javac.util=ALL-UNNAMED --add-opens=java.base/java.nio.charset=ALL-UNNAMED --add-opens=java.base/java.net=ALL-UNNAMED --add-opens=java.base/java.util.concurrent.atomic=ALL-UNNAMED -Xmx4G -Dfile.encoding=UTF-8 -Duser.country=US -Duser.language=en -Duser.variant -javaagent:C:\Users\Netizens\.gradle\wrapper\dists\gradle-8.9-bin\90cnw93cvbtalezasaz0blq0a\gradle-8.9\lib\agents\gradle-instrumentation-agent-8.9.jar 
java_command: org.gradle.launcher.daemon.bootstrap.GradleDaemon 8.9
java_class_path (initial): C:\Users\Netizens\.gradle\wrapper\dists\gradle-8.9-bin\90cnw93cvbtalezasaz0blq0a\gradle-8.9\lib\gradle-daemon-main-8.9.jar
Launcher Type: SUN_STANDARD

[Global flags]
     intx CICompilerCount                          = 4                                         {product} {ergonomic}
     uint ConcGCThreads                            = 2                                         {product} {ergonomic}
     uint G1ConcRefinementThreads                  = 8                                         {product} {ergonomic}
   size_t G1HeapRegionSize                         = 2097152                                   {product} {ergonomic}
    uintx GCDrainStackTargetSize                   = 64                                        {product} {ergonomic}
     bool HeapDumpOnOutOfMemoryError               = true                                   {manageable} {command line}
   size_t InitialHeapSize                          = 130023424                                 {product} {ergonomic}
   size_t MarkStackSize                            = 4194304                                   {product} {ergonomic}
   size_t MaxHeapSize                              = 4294967296                                {product} {command line}
   size_t MaxMetaspaceSize                         = 2147483648                                {product} {command line}
   size_t MaxNewSize                               = 2575302656                                {product} {ergonomic}
   size_t MinHeapDeltaBytes                        = 2097152                                   {product} {ergonomic}
   size_t MinHeapSize                              = 8388608                                   {product} {ergonomic}
    uintx NonNMethodCodeHeapSize                   = 5839372                                {pd product} {ergonomic}
    uintx NonProfiledCodeHeapSize                  = 122909434                              {pd product} {ergonomic}
    uintx ProfiledCodeHeapSize                     = 122909434                              {pd product} {ergonomic}
    uintx ReservedCodeCacheSize                    = 251658240                              {pd product} {ergonomic}
     bool SegmentedCodeCache                       = true                                      {product} {ergonomic}
   size_t SoftMaxHeapSize                          = 4294967296                             {manageable} {ergonomic}
     bool UseCompressedClassPointers               = true                           {product lp64_product} {ergonomic}
     bool UseCompressedOops                        = true                           {product lp64_product} {ergonomic}
     bool UseG1GC                                  = true                                      {product} {ergonomic}
     bool UseLargePagesIndividualAllocation        = false                                  {pd product} {ergonomic}

Logging:
Log output configuration:
 #0: stdout all=warning uptime,level,tags
 #1: stderr all=off uptime,level,tags

Environment Variables:
JAVA_HOME=C:\Program Files\Android\Android Studio1\jbr
CLASSPATH=D:\FlutterDev\projects\car_rent\android\\gradle\wrapper\gradle-wrapper.jar
PATH=C:\Program Files\Android\Android Studio1\jbr\bin;C:\Program Files\Common Files\Oracle\Java\javapath;C:\Program Files (x86)\VMware\VMware Workstation\bin\;C:\WINDOWS\system32;C:\WINDOWS;C:\WINDOWS\System32\Wbem;C:\WINDOWS\System32\WindowsPowerShell\v1.0\;C:\WINDOWS\System32\OpenSSH\;C:\Program Files\Intel\WiFi\bin\;C:\Program Files\Common Files\Intel\WirelessCommon\;C:\Users\Netizens\AppData\Roaming\Python\Python312\Scripts;c:\users\netizens\appdata\roaming\python\python312\site-packages;C:\ProgramData\chocolatey\bin;C:\Users\Netizens\AppData\Local\Android\Sdk\platform-tools;C:\Program Files\nodejs\;C:\Program Files\nodejs;C:\Program Files\Java\jdk-17\bin\;C:\Program Files\Java\jdk-17\bin;C:\Program Files\MongoDB\Server\8.0\bin;C:\Program Files\Git\cmd;C:\Program Files\Git\mingw64\bin;C:\Program Files\Git\usr\bin;C:\Program Files\MySQL\MySQL Server 8.0\bin;D:\MinGW\bin;C:\Program Files\dotnet\;C:\Users\Netizens\AppData\Local\Programs\Python\Python312\Scripts\;C:\Users\Netizens\AppData\Local\Programs\Python\Python312\;C:\Users\Netizens\AppData\Local\Microsoft\WindowsApps;C:\Program Files\JetBrains\PyCharm Community Edition 2024.1.4\bin;;C:\Program Files\Microsoft\jdk-17.0.11.9-hotspot\bin;C:\Program Files\nodejs;C:\Users\Netizens\AppData\Local\Android\Sdk;C:\Users\Netizens\AppData\Local\Android\Sdk\platform-tools;C:\tools\dart-sdk\bin;C:\Users\Netizens\AppData\Local\Pub\Cache\bin;D:\FlutterDev\sdk\flutter\tools\dart-sdk;C:\Users\Netizens\AppData\Local\Programs\Microsoft VS Code\bin;C:\Users\Netizens\AppData\Roaming\npm;D:\FlutterDev\sdk\flutter\bin;D:\FlutterDev\sdk\flutter\bin;C:\Program Files\Java\jdk-17\bin;C:\Program Files\Java\jdk-17\bin\;D:\MongoDB\Server\8.0\bin;D:\MinGW\bin;;D:\FlutterDev\sdk\flutter\bin\mingit\cmd
USERNAME=Prime
OS=Windows_NT
PROCESSOR_IDENTIFIER=Intel64 Family 6 Model 142 Stepping 12, GenuineIntel



---------------  S Y S T E M  ---------------

OS:
 Windows 11 , 64 bit Build 22621 (10.0.22621.4974)
OS uptime: 0 days 1:32 hours
Hyper-V role detected

CPU: total 8 (initial active 8) (4 cores per cpu, 2 threads per core) family 6 model 142 stepping 12 microcode 0xf0, cx8, cmov, fxsr, ht, mmx, 3dnowpref, sse, sse2, sse3, ssse3, sse4.1, sse4.2, popcnt, lzcnt, tsc, tscinvbit, avx, avx2, aes, erms, clmul, bmi1, bmi2, adx, fma, vzeroupper, clflush, clflushopt, hv

Memory: 4k page, system-wide physical 7881M (449M free)
TotalPageFile size 9929M (AvailPageFile size 27M)
current process WorkingSet (physical memory assigned to process): 475M, peak: 478M
current process commit charge ("private bytes"): 522M, peak: 750M

vm_info: Java HotSpot(TM) 64-Bit Server VM (17.0.12+8-LTS-286) for windows-amd64 JRE (17.0.12+8-LTS-286), built on Jun  5 2024 06:46:59 by "mach5one" with MS VC++ 17.6 (VS2022)

END.
