#
# There is insufficient memory for the Java Runtime Environment to continue.
# Native memory allocation (mmap) failed to map 33554432 bytes for G1 virtual space
# Possible reasons:
#   The system is out of physical RAM or swap space
#   The process is running with CompressedOops enabled, and the Java Heap may be blocking the growth of the native heap
# Possible solutions:
#   Reduce memory load on the system
#   Increase physical memory or swap space
#   Check if swap backing store is full
#   Decrease Java heap size (-Xmx/-Xms)
#   Decrease number of Java threads
#   Decrease Java thread stack sizes (-Xss)
#   Set larger code cache with -XX:ReservedCodeCacheSize=
#   JVM is running with Zero Based Compressed Oops mode in which the Java heap is
#     placed in the first 32GB address space. The Java Heap base address is the
#     maximum limit for the native heap growth. Please use -XX:HeapBaseMinAddress
#     to set the Java Heap base and to place the Java Heap above 32GB virtual address.
# This output file may be truncated or incomplete.
#
#  Out of Memory Error (os_windows.cpp:3548), pid=8308, tid=12216
#
# JRE version: Java(TM) SE Runtime Environment (17.0.12+8) (build 17.0.12+8-LTS-286)
# Java VM: Java HotSpot(TM) 64-Bit Server VM (17.0.12+8-LTS-286, mixed mode, sharing, tiered, compressed oops, compressed class ptrs, g1 gc, windows-amd64)
# No core dump will be written. Minidumps are not enabled by default on client versions of Windows
#

---------------  S U M M A R Y ------------

Command Line: -XX:MaxMetaspaceSize=2G --add-opens=java.base/java.util=ALL-UNNAMED --add-opens=java.base/java.lang=ALL-UNNAMED --add-opens=java.base/java.lang.invoke=ALL-UNNAMED --add-opens=java.prefs/java.util.prefs=ALL-UNNAMED --add-exports=jdk.compiler/com.sun.tools.javac.api=ALL-UNNAMED --add-exports=jdk.compiler/com.sun.tools.javac.util=ALL-UNNAMED --add-opens=java.base/java.nio.charset=ALL-UNNAMED --add-opens=java.base/java.net=ALL-UNNAMED --add-opens=java.base/java.util.concurrent.atomic=ALL-UNNAMED -Xmx6G -Dfile.encoding=UTF-8 -Duser.country=US -Duser.language=en -Duser.variant -javaagent:C:\Users\Netizens\.gradle\wrapper\dists\gradle-8.9-bin\90cnw93cvbtalezasaz0blq0a\gradle-8.9\lib\agents\gradle-instrumentation-agent-8.9.jar org.gradle.launcher.daemon.bootstrap.GradleDaemon 8.9

Host: Intel(R) Core(TM) i5-8365U CPU @ 1.60GHz, 8 cores, 7G,  Windows 11 , 64 bit Build 22621 (10.0.22621.4974)
Time: Mon Mar 17 11:27:55 2025 India Standard Time elapsed time: 20.450013 seconds (0d 0h 0m 20s)

---------------  T H R E A D  ---------------

Current thread (0x000002b9ff8a3310):  VMThread "VM Thread" [stack: 0x000000bd3ff00000,0x000000bd40000000] [id=12216]

Stack: [0x000000bd3ff00000,0x000000bd40000000]
Native frames: (J=compiled Java code, j=interpreted, Vv=VM code, C=native code)
V  [jvm.dll+0x67a04a]
V  [jvm.dll+0x7da4ed]
V  [jvm.dll+0x7dbe33]
V  [jvm.dll+0x7dc4a3]
V  [jvm.dll+0x24508f]
V  [jvm.dll+0x677089]
V  [jvm.dll+0x66bd32]
V  [jvm.dll+0x301fa6]
V  [jvm.dll+0x309546]
V  [jvm.dll+0x359d2e]
V  [jvm.dll+0x359f5f]
V  [jvm.dll+0x2d9078]
V  [jvm.dll+0x2d74ad]
V  [jvm.dll+0x2d6afc]
V  [jvm.dll+0x31a65b]
V  [jvm.dll+0x7e0d9b]
V  [jvm.dll+0x7e1ad4]
V  [jvm.dll+0x7e1fed]
V  [jvm.dll+0x7e23c4]
V  [jvm.dll+0x7e2490]
V  [jvm.dll+0x78abea]
V  [jvm.dll+0x678f35]
C  [ucrtbase.dll+0x29333]
C  [KERNEL32.DLL+0x1259d]
C  [ntdll.dll+0x5af38]

VM_Operation (0x000000bd467fd270): G1CollectForAllocation, mode: safepoint, requested by thread 0x000002b9f025a730


---------------  P R O C E S S  ---------------

Threads class SMR info:
_java_thread_list=0x000002b9ed87a8c0, length=100, elements={
0x000002b9fc6a6340, 0x000002b9ff8a6f10, 0x000002b9ff8a7d90, 0x000002b9ff8b7a70,
0x000002b9ff8b88f0, 0x000002b9ff8bc3d0, 0x000002b9ff8bcd90, 0x000002b9ff8beb50,
0x000002b9ff8cbb20, 0x000002b9ff8ec530, 0x000002b9a49ca190, 0x000002b9a4a6fa60,
0x000002b9ea7b1c10, 0x000002b9eb3e3090, 0x000002b9ebb4a530, 0x000002b9ebb75320,
0x000002b9ebb75830, 0x000002b9ebb743f0, 0x000002b9ebb72fb0, 0x000002b9ebb72080,
0x000002b9ebb72590, 0x000002b9ebb73ee0, 0x000002b9ebb72aa0, 0x000002b9ebb74900,
0x000002b9ebb734c0, 0x000002b9ebb739d0, 0x000002b9ebb74e10, 0x000002b9ed8fe1b0,
0x000002b9ed901450, 0x000002b9ed8ffb00, 0x000002b9ed8ff5f0, 0x000002b9ed8febd0,
0x000002b9ed900010, 0x000002b9ed8fd790, 0x000002b9ed9046f0, 0x000002b9ed902890,
0x000002b9a4c4ccb0, 0x000002b9eea14e80, 0x000002b9ed900520, 0x000002b9ed900a30,
0x000002b9ed8fe6c0, 0x000002b9ed900f40, 0x000002b9ed905110, 0x000002b9ed904c00,
0x000002b9ed903cd0, 0x000002b9ed902380, 0x000002b9ed8ff0e0, 0x000002b9ed9041e0,
0x000002b9ed902da0, 0x000002b9ed9037c0, 0x000002b9ee7586a0, 0x000002b9ee758190,
0x000002b9ee7595d0, 0x000002b9ee758bb0, 0x000002b9ee756330, 0x000002b9ee757260,
0x000002b9ee757770, 0x000002b9ee75af20, 0x000002b9ee755400, 0x000002b9ee755910,
0x000002b9ee759ae0, 0x000002b9ee75c360, 0x000002b9ee756d50, 0x000002b9ee755e20,
0x000002b9ee756840, 0x000002b9ee759ff0, 0x000002b9ee757c80, 0x000002b9ee7590c0,
0x000002b9ee75a500, 0x000002b9ee75aa10, 0x000002b9ee75b430, 0x000002b9ee75b940,
0x000002b9ee75be50, 0x000002b9ee75c870, 0x000002b9ee75cd80, 0x000002b9f0256a70,
0x000002b9f02541f0, 0x000002b9f02579a0, 0x000002b9f02592f0, 0x000002b9f0254700,
0x000002b9f0258de0, 0x000002b9f0256050, 0x000002b9f0257490, 0x000002b9f0255b40,
0x000002b9f0256560, 0x000002b9f0256f80, 0x000002b9f0257eb0, 0x000002b9f0259800,
0x000002b9f0259d10, 0x000002b9f02588d0, 0x000002b9f0254c10, 0x000002b9f0255120,
0x000002b9f025a220, 0x000002b9f02537d0, 0x000002b9f025a730, 0x000002b9f025ac40,
0x000002b9f0255630, 0x000002b9f02583c0, 0x000002b9f025b150, 0x000002b9f0253ce0
}

Java Threads: ( => current thread )
  0x000002b9fc6a6340 JavaThread "main" [_thread_blocked, id=4744, stack(0x000000bd3f900000,0x000000bd3fa00000)]
  0x000002b9ff8a6f10 JavaThread "Reference Handler" daemon [_thread_blocked, id=13028, stack(0x000000bd40000000,0x000000bd40100000)]
  0x000002b9ff8a7d90 JavaThread "Finalizer" daemon [_thread_blocked, id=4176, stack(0x000000bd40100000,0x000000bd40200000)]
  0x000002b9ff8b7a70 JavaThread "Signal Dispatcher" daemon [_thread_blocked, id=1464, stack(0x000000bd40200000,0x000000bd40300000)]
  0x000002b9ff8b88f0 JavaThread "Attach Listener" daemon [_thread_blocked, id=164, stack(0x000000bd40300000,0x000000bd40400000)]
  0x000002b9ff8bc3d0 JavaThread "Service Thread" daemon [_thread_blocked, id=11616, stack(0x000000bd40400000,0x000000bd40500000)]
  0x000002b9ff8bcd90 JavaThread "Monitor Deflation Thread" daemon [_thread_blocked, id=12176, stack(0x000000bd40500000,0x000000bd40600000)]
  0x000002b9ff8beb50 JavaThread "C2 CompilerThread0" daemon [_thread_blocked, id=9768, stack(0x000000bd40600000,0x000000bd40700000)]
  0x000002b9ff8cbb20 JavaThread "C1 CompilerThread0" daemon [_thread_blocked, id=3764, stack(0x000000bd40700000,0x000000bd40800000)]
  0x000002b9ff8ec530 JavaThread "Sweeper thread" daemon [_thread_blocked, id=14420, stack(0x000000bd40800000,0x000000bd40900000)]
  0x000002b9a49ca190 JavaThread "Common-Cleaner" daemon [_thread_blocked, id=10128, stack(0x000000bd40900000,0x000000bd40a00000)]
  0x000002b9a4a6fa60 JavaThread "Notification Thread" daemon [_thread_blocked, id=3748, stack(0x000000bd40a00000,0x000000bd40b00000)]
  0x000002b9ea7b1c10 JavaThread "Daemon health stats" [_thread_blocked, id=14408, stack(0x000000bd40d00000,0x000000bd40e00000)]
  0x000002b9eb3e3090 JavaThread "Incoming local TCP Connector on port 55029" [_thread_in_native, id=9076, stack(0x000000bd40c00000,0x000000bd40d00000)]
  0x000002b9ebb4a530 JavaThread "Daemon periodic checks" [_thread_blocked, id=2912, stack(0x000000bd41200000,0x000000bd41300000)]
  0x000002b9ebb75320 JavaThread "Daemon" [_thread_blocked, id=9408, stack(0x000000bd41300000,0x000000bd41400000)]
  0x000002b9ebb75830 JavaThread "Handler for socket connection from /127.0.0.1:55029 to /127.0.0.1:55030" [_thread_in_native, id=3360, stack(0x000000bd41400000,0x000000bd41500000)]
  0x000002b9ebb743f0 JavaThread "Cancel handler" [_thread_blocked, id=7236, stack(0x000000bd41500000,0x000000bd41600000)]
  0x000002b9ebb72fb0 JavaThread "Daemon worker" [_thread_blocked, id=8764, stack(0x000000bd41600000,0x000000bd41700000)]
  0x000002b9ebb72080 JavaThread "Asynchronous log dispatcher for DefaultDaemonConnection: socket connection from /127.0.0.1:55029 to /127.0.0.1:55030" [_thread_blocked, id=11988, stack(0x000000bd41700000,0x000000bd41800000)]
  0x000002b9ebb72590 JavaThread "Stdin handler" [_thread_blocked, id=5040, stack(0x000000bd41800000,0x000000bd41900000)]
  0x000002b9ebb73ee0 JavaThread "Daemon client event forwarder" [_thread_blocked, id=11800, stack(0x000000bd41900000,0x000000bd41a00000)]
  0x000002b9ebb72aa0 JavaThread "Cache worker for journal cache (C:\Users\Netizens\.gradle\caches\journal-1)" [_thread_blocked, id=3860, stack(0x000000bd41b00000,0x000000bd41c00000)]
  0x000002b9ebb74900 JavaThread "File lock request listener" [_thread_in_native, id=13904, stack(0x000000bd41c00000,0x000000bd41d00000)]
  0x000002b9ebb734c0 JavaThread "Cache worker for file hash cache (C:\Users\Netizens\.gradle\caches\8.9\fileHashes)" [_thread_blocked, id=2496, stack(0x000000bd41d00000,0x000000bd41e00000)]
  0x000002b9ebb739d0 JavaThread "Cache worker for file hash cache (D:\FlutterDev\projects\car_rent\android\.gradle\8.9\fileHashes)" [_thread_blocked, id=10712, stack(0x000000bd42200000,0x000000bd42300000)]
  0x000002b9ebb74e10 JavaThread "Cache worker for Build Output Cleanup Cache (D:\FlutterDev\projects\car_rent\android\.gradle\buildOutputCleanup)" [_thread_blocked, id=13600, stack(0x000000bd42300000,0x000000bd42400000)]
  0x000002b9ed8fe1b0 JavaThread "File watcher server" daemon [_thread_in_native, id=13976, stack(0x000000bd42500000,0x000000bd42600000)]
  0x000002b9ed901450 JavaThread "File watcher consumer" daemon [_thread_blocked, id=11620, stack(0x000000bd42600000,0x000000bd42700000)]
  0x000002b9ed8ffb00 JavaThread "Cache worker for checksums cache (D:\FlutterDev\projects\car_rent\android\.gradle\8.9\checksums)" [_thread_blocked, id=4820, stack(0x000000bd41a00000,0x000000bd41b00000)]
  0x000002b9ed8ff5f0 JavaThread "Cache worker for file content cache (C:\Users\Netizens\.gradle\caches\8.9\fileContent)" [_thread_blocked, id=11348, stack(0x000000bd42100000,0x000000bd42200000)]
  0x000002b9ed8febd0 JavaThread "Cache worker for cache directory md-rule (C:\Users\Netizens\.gradle\caches\8.9\md-rule)" [_thread_blocked, id=10912, stack(0x000000bd42800000,0x000000bd42900000)]
  0x000002b9ed900010 JavaThread "Cache worker for cache directory md-supplier (C:\Users\Netizens\.gradle\caches\8.9\md-supplier)" [_thread_blocked, id=2996, stack(0x000000bd42a00000,0x000000bd42b00000)]
  0x000002b9ed8fd790 JavaThread "jar transforms" [_thread_blocked, id=8104, stack(0x000000bd42c00000,0x000000bd42d00000)]
  0x000002b9ed9046f0 JavaThread "Cache worker for Build Output Cleanup Cache (D:\FlutterDev\sdk\flutter\packages\flutter_tools\gradle\.gradle\buildOutputCleanup)" [_thread_blocked, id=9944, stack(0x000000bd42d00000,0x000000bd42e00000)]
  0x000002b9ed902890 JavaThread "Memory manager" [_thread_blocked, id=15120, stack(0x000000bd42900000,0x000000bd42a00000)]
  0x000002b9a4c4ccb0 JavaThread "C2 CompilerThread1" daemon [_thread_in_native, id=14020, stack(0x000000bd42700000,0x000000bd42800000)]
  0x000002b9eea14e80 JavaThread "C2 CompilerThread2" daemon [_thread_blocked, id=8344, stack(0x000000bd42e00000,0x000000bd42f00000)]
  0x000002b9ed900520 JavaThread "included builds" [_thread_blocked, id=14564, stack(0x000000bd42f00000,0x000000bd43000000)]
  0x000002b9ed900a30 JavaThread "Execution worker" [_thread_blocked, id=3028, stack(0x000000bd43000000,0x000000bd43100000)]
  0x000002b9ed8fe6c0 JavaThread "Execution worker Thread 2" [_thread_blocked, id=8616, stack(0x000000bd43100000,0x000000bd43200000)]
  0x000002b9ed900f40 JavaThread "Execution worker Thread 3" [_thread_blocked, id=5412, stack(0x000000bd43200000,0x000000bd43300000)]
  0x000002b9ed905110 JavaThread "Execution worker Thread 4" [_thread_blocked, id=10720, stack(0x000000bd43300000,0x000000bd43400000)]
  0x000002b9ed904c00 JavaThread "Execution worker Thread 5" [_thread_blocked, id=15264, stack(0x000000bd43400000,0x000000bd43500000)]
  0x000002b9ed903cd0 JavaThread "Execution worker Thread 6" [_thread_blocked, id=4976, stack(0x000000bd43500000,0x000000bd43600000)]
  0x000002b9ed902380 JavaThread "Execution worker Thread 7" [_thread_blocked, id=3352, stack(0x000000bd43600000,0x000000bd43700000)]
  0x000002b9ed8ff0e0 JavaThread "Cache worker for execution history cache (D:\FlutterDev\sdk\flutter\packages\flutter_tools\gradle\.gradle\8.9\executionHistory)" [_thread_blocked, id=6504, stack(0x000000bd43700000,0x000000bd43800000)]
  0x000002b9ed9041e0 JavaThread "Unconstrained build operations" [_thread_blocked, id=14892, stack(0x000000bd43800000,0x000000bd43900000)]
  0x000002b9ed902da0 JavaThread "Unconstrained build operations Thread 2" [_thread_blocked, id=12592, stack(0x000000bd43900000,0x000000bd43a00000)]
  0x000002b9ed9037c0 JavaThread "Unconstrained build operations Thread 3" [_thread_blocked, id=11376, stack(0x000000bd43a00000,0x000000bd43b00000)]
  0x000002b9ee7586a0 JavaThread "Unconstrained build operations Thread 4" [_thread_blocked, id=4592, stack(0x000000bd43b00000,0x000000bd43c00000)]
  0x000002b9ee758190 JavaThread "Unconstrained build operations Thread 5" [_thread_blocked, id=13648, stack(0x000000bd43c00000,0x000000bd43d00000)]
  0x000002b9ee7595d0 JavaThread "Unconstrained build operations Thread 6" [_thread_blocked, id=8520, stack(0x000000bd43d00000,0x000000bd43e00000)]
  0x000002b9ee758bb0 JavaThread "Unconstrained build operations Thread 7" [_thread_blocked, id=12636, stack(0x000000bd43e00000,0x000000bd43f00000)]
  0x000002b9ee756330 JavaThread "Unconstrained build operations Thread 8" [_thread_blocked, id=12880, stack(0x000000bd43f00000,0x000000bd44000000)]
  0x000002b9ee757260 JavaThread "Unconstrained build operations Thread 9" [_thread_blocked, id=10764, stack(0x000000bd44000000,0x000000bd44100000)]
  0x000002b9ee757770 JavaThread "Unconstrained build operations Thread 10" [_thread_blocked, id=4428, stack(0x000000bd44100000,0x000000bd44200000)]
  0x000002b9ee75af20 JavaThread "Unconstrained build operations Thread 11" [_thread_blocked, id=2428, stack(0x000000bd44200000,0x000000bd44300000)]
  0x000002b9ee755400 JavaThread "Unconstrained build operations Thread 12" [_thread_blocked, id=1332, stack(0x000000bd44300000,0x000000bd44400000)]
  0x000002b9ee755910 JavaThread "Unconstrained build operations Thread 13" [_thread_blocked, id=8488, stack(0x000000bd44400000,0x000000bd44500000)]
  0x000002b9ee759ae0 JavaThread "Unconstrained build operations Thread 14" [_thread_blocked, id=10408, stack(0x000000bd44500000,0x000000bd44600000)]
  0x000002b9ee75c360 JavaThread "Unconstrained build operations Thread 15" [_thread_blocked, id=8564, stack(0x000000bd44600000,0x000000bd44700000)]
  0x000002b9ee756d50 JavaThread "Unconstrained build operations Thread 16" [_thread_blocked, id=3284, stack(0x000000bd44700000,0x000000bd44800000)]
  0x000002b9ee755e20 JavaThread "Unconstrained build operations Thread 17" [_thread_blocked, id=12120, stack(0x000000bd44800000,0x000000bd44900000)]
  0x000002b9ee756840 JavaThread "Unconstrained build operations Thread 18" [_thread_blocked, id=9116, stack(0x000000bd44900000,0x000000bd44a00000)]
  0x000002b9ee759ff0 JavaThread "Unconstrained build operations Thread 19" [_thread_blocked, id=8948, stack(0x000000bd44a00000,0x000000bd44b00000)]
  0x000002b9ee757c80 JavaThread "Unconstrained build operations Thread 20" [_thread_blocked, id=14952, stack(0x000000bd44b00000,0x000000bd44c00000)]
  0x000002b9ee7590c0 JavaThread "Unconstrained build operations Thread 21" [_thread_blocked, id=2128, stack(0x000000bd44c00000,0x000000bd44d00000)]
  0x000002b9ee75a500 JavaThread "Unconstrained build operations Thread 22" [_thread_blocked, id=13500, stack(0x000000bd44d00000,0x000000bd44e00000)]
  0x000002b9ee75aa10 JavaThread "Unconstrained build operations Thread 23" [_thread_blocked, id=9664, stack(0x000000bd44e00000,0x000000bd44f00000)]
  0x000002b9ee75b430 JavaThread "Unconstrained build operations Thread 24" [_thread_blocked, id=12568, stack(0x000000bd44f00000,0x000000bd45000000)]
  0x000002b9ee75b940 JavaThread "Unconstrained build operations Thread 25" [_thread_blocked, id=13612, stack(0x000000bd45000000,0x000000bd45100000)]
  0x000002b9ee75be50 JavaThread "Unconstrained build operations Thread 26" [_thread_blocked, id=10676, stack(0x000000bd45100000,0x000000bd45200000)]
  0x000002b9ee75c870 JavaThread "Unconstrained build operations Thread 27" [_thread_blocked, id=6264, stack(0x000000bd45200000,0x000000bd45300000)]
  0x000002b9ee75cd80 JavaThread "Unconstrained build operations Thread 28" [_thread_blocked, id=7416, stack(0x000000bd45300000,0x000000bd45400000)]
  0x000002b9f0256a70 JavaThread "jar transforms Thread 2" [_thread_blocked, id=14896, stack(0x000000bd45400000,0x000000bd45500000)]
  0x000002b9f02541f0 JavaThread "jar transforms Thread 3" [_thread_blocked, id=13236, stack(0x000000bd45500000,0x000000bd45600000)]
  0x000002b9f02579a0 JavaThread "jar transforms Thread 4" [_thread_blocked, id=14172, stack(0x000000bd45600000,0x000000bd45700000)]
  0x000002b9f02592f0 JavaThread "jar transforms Thread 5" [_thread_blocked, id=9044, stack(0x000000bd45700000,0x000000bd45800000)]
  0x000002b9f0254700 JavaThread "Unconstrained build operations Thread 29" [_thread_blocked, id=12788, stack(0x000000bd45800000,0x000000bd45900000)]
  0x000002b9f0258de0 JavaThread "Unconstrained build operations Thread 30" [_thread_blocked, id=8772, stack(0x000000bd45900000,0x000000bd45a00000)]
  0x000002b9f0256050 JavaThread "Unconstrained build operations Thread 31" [_thread_blocked, id=14792, stack(0x000000bd45a00000,0x000000bd45b00000)]
  0x000002b9f0257490 JavaThread "Unconstrained build operations Thread 32" [_thread_blocked, id=14112, stack(0x000000bd45b00000,0x000000bd45c00000)]
  0x000002b9f0255b40 JavaThread "Unconstrained build operations Thread 33" [_thread_blocked, id=14092, stack(0x000000bd45c00000,0x000000bd45d00000)]
  0x000002b9f0256560 JavaThread "Unconstrained build operations Thread 34" [_thread_blocked, id=2268, stack(0x000000bd45d00000,0x000000bd45e00000)]
  0x000002b9f0256f80 JavaThread "Unconstrained build operations Thread 35" [_thread_blocked, id=2860, stack(0x000000bd45e00000,0x000000bd45f00000)]
  0x000002b9f0257eb0 JavaThread "Unconstrained build operations Thread 36" [_thread_blocked, id=2572, stack(0x000000bd45f00000,0x000000bd46000000)]
  0x000002b9f0259800 JavaThread "Unconstrained build operations Thread 37" [_thread_blocked, id=6596, stack(0x000000bd46000000,0x000000bd46100000)]
  0x000002b9f0259d10 JavaThread "Unconstrained build operations Thread 38" [_thread_blocked, id=3212, stack(0x000000bd46100000,0x000000bd46200000)]
  0x000002b9f02588d0 JavaThread "Unconstrained build operations Thread 39" [_thread_blocked, id=11072, stack(0x000000bd46200000,0x000000bd46300000)]
  0x000002b9f0254c10 JavaThread "Unconstrained build operations Thread 40" [_thread_blocked, id=13288, stack(0x000000bd46300000,0x000000bd46400000)]
  0x000002b9f0255120 JavaThread "Unconstrained build operations Thread 41" [_thread_blocked, id=10568, stack(0x000000bd46400000,0x000000bd46500000)]
  0x000002b9f025a220 JavaThread "Unconstrained build operations Thread 42" [_thread_blocked, id=6352, stack(0x000000bd46500000,0x000000bd46600000)]
  0x000002b9f02537d0 JavaThread "Unconstrained build operations Thread 43" [_thread_blocked, id=14816, stack(0x000000bd46600000,0x000000bd46700000)]
  0x000002b9f025a730 JavaThread "Unconstrained build operations Thread 44" [_thread_blocked, id=10108, stack(0x000000bd46700000,0x000000bd46800000)]
  0x000002b9f025ac40 JavaThread "Unconstrained build operations Thread 45" [_thread_blocked, id=11164, stack(0x000000bd46800000,0x000000bd46900000)]
  0x000002b9f0255630 JavaThread "Unconstrained build operations Thread 46" [_thread_blocked, id=5800, stack(0x000000bd46900000,0x000000bd46a00000)]
  0x000002b9f02583c0 JavaThread "Unconstrained build operations Thread 47" [_thread_blocked, id=14684, stack(0x000000bd46a00000,0x000000bd46b00000)]
  0x000002b9f025b150 JavaThread "Unconstrained build operations Thread 48" [_thread_blocked, id=14212, stack(0x000000bd46b00000,0x000000bd46c00000)]
  0x000002b9f0253ce0 JavaThread "Unconstrained build operations Thread 49" [_thread_blocked, id=12004, stack(0x000000bd46c00000,0x000000bd46d00000)]

Other Threads:
=>0x000002b9ff8a3310 VMThread "VM Thread" [stack: 0x000000bd3ff00000,0x000000bd40000000] [id=12216]
  0x000002b9a4aae010 WatcherThread [stack: 0x000000bd40b00000,0x000000bd40c00000] [id=6996]
  0x000002b9fc730a40 GCTaskThread "GC Thread#0" [stack: 0x000000bd3fa00000,0x000000bd3fb00000] [id=11996]
  0x000002b9ea0c75c0 GCTaskThread "GC Thread#1" [stack: 0x000000bd40e00000,0x000000bd40f00000] [id=8848]
  0x000002b9ea499850 GCTaskThread "GC Thread#2" [stack: 0x000000bd40f00000,0x000000bd41000000] [id=1148]
  0x000002b9ea21deb0 GCTaskThread "GC Thread#3" [stack: 0x000000bd41000000,0x000000bd41100000] [id=14616]
  0x000002b9ea822ec0 GCTaskThread "GC Thread#4" [stack: 0x000000bd41100000,0x000000bd41200000] [id=2576]
  0x000002b9eba998f0 GCTaskThread "GC Thread#5" [stack: 0x000000bd41e00000,0x000000bd41f00000] [id=2620]
  0x000002b9ebafd0c0 GCTaskThread "GC Thread#6" [stack: 0x000000bd41f00000,0x000000bd42000000] [id=7872]
  0x000002b9ec496cd0 GCTaskThread "GC Thread#7" [stack: 0x000000bd42000000,0x000000bd42100000] [id=12456]
  0x000002b9fc73d990 ConcurrentGCThread "G1 Main Marker" [stack: 0x000000bd3fb00000,0x000000bd3fc00000] [id=2700]
  0x000002b9fc73eb40 ConcurrentGCThread "G1 Conc#0" [stack: 0x000000bd3fc00000,0x000000bd3fd00000] [id=14968]
  0x000002b9edc7dc80 ConcurrentGCThread "G1 Conc#1" [stack: 0x000000bd42400000,0x000000bd42500000] [id=3732]
  0x000002b9ff73c2f0 ConcurrentGCThread "G1 Refine#0" [stack: 0x000000bd3fd00000,0x000000bd3fe00000] [id=15048]
  0x000002b9ec4b9c90 ConcurrentGCThread "G1 Refine#1" [stack: 0x000000bd42b00000,0x000000bd42c00000] [id=4184]
  0x000002b9ff73cd20 ConcurrentGCThread "G1 Service" [stack: 0x000000bd3fe00000,0x000000bd3ff00000] [id=4408]

Threads with active compile tasks:
C2 CompilerThread0    20512 8764   !   4       java.nio.file.FileTreeWalker::visit (204 bytes)
C2 CompilerThread1    20512 8741   !   4       org.gradle.api.internal.attributes.DefaultImmutableAttributesFactory::doConcatIsolatable (128 bytes)
C2 CompilerThread2    20512 8770       4       org.apache.commons.io.FilenameUtils::doNormalize (530 bytes)

VM state: at safepoint (normal execution)

VM Mutex/Monitor currently owned by a thread:  ([mutex/lock_event])
[0x000002b9fc6a2b00] Threads_lock - owner thread: 0x000002b9ff8a3310
[0x000002b9fc6a2440] Heap_lock - owner thread: 0x000002b9f025a730

Heap address: 0x0000000680000000, size: 6144 MB, Compressed Oops mode: Zero based, Oop shift amount: 3

CDS archive(s) mapped at: [0x000002b9a5000000-0x000002b9a5bd0000-0x000002b9a5bd0000), size 12386304, SharedBaseAddress: 0x000002b9a5000000, ArchiveRelocationMode: 1.
Compressed class space mapped at: 0x000002b9a6000000-0x000002b9e6000000, reserved size: 1073741824
Narrow klass base: 0x000002b9a5000000, Narrow klass shift: 0, Narrow klass range: 0x100000000

GC Precious Log:
 CPUs: 8 total, 8 available
 Memory: 7881M
 Large Page Support: Disabled
 NUMA Support: Disabled
 Compressed Oops: Enabled (Zero based)
 Heap Region Size: 4M
 Heap Min Capacity: 8M
 Heap Initial Capacity: 124M
 Heap Max Capacity: 6G
 Pre-touch: Disabled
 Parallel Workers: 8
 Concurrent Workers: 2
 Concurrent Refinement Workers: 8
 Periodic GC: Disabled

Heap:
 garbage-first heap   total 151552K, used 75272K [0x0000000680000000, 0x0000000800000000)
  region size 4096K, 2 young (8192K), 2 survivors (8192K)
 Metaspace       used 59062K, committed 59648K, reserved 1114112K
  class space    used 8410K, committed 8704K, reserved 1048576K

Heap Regions: E=young(eden), S=young(survivor), O=old, HS=humongous(starts), HC=humongous(continues), CS=collection set, F=free, OA=open archive, CA=closed archive, TAMS=top-at-mark-start (previous, next)
|   0|0x0000000680000000, 0x0000000680400000, 0x0000000680400000|100%|HS|  |TAMS 0x0000000680400000, 0x0000000680000000| Complete 
|   1|0x0000000680400000, 0x0000000680800000, 0x0000000680800000|100%| O|  |TAMS 0x0000000680800000, 0x0000000680400000| Untracked 
|   2|0x0000000680800000, 0x0000000680c00000, 0x0000000680c00000|100%| O|  |TAMS 0x0000000680c00000, 0x0000000680800000| Untracked 
|   3|0x0000000680c00000, 0x0000000680fa3200, 0x0000000681000000| 90%| O|  |TAMS 0x0000000680fa3200, 0x0000000680c00000| Untracked 
|   4|0x0000000681000000, 0x0000000681400000, 0x0000000681400000|100%| O|  |TAMS 0x0000000681400000, 0x0000000681000000| Untracked 
|   5|0x0000000681400000, 0x0000000681800000, 0x0000000681800000|100%| O|  |TAMS 0x0000000681400000, 0x0000000681400000| Untracked 
|   6|0x0000000681800000, 0x0000000681c00000, 0x0000000681c00000|100%| O|  |TAMS 0x0000000681800000, 0x0000000681800000| Untracked 
|   7|0x0000000681c00000, 0x0000000682000000, 0x0000000682000000|100%| O|  |TAMS 0x0000000681c00000, 0x0000000681c00000| Untracked 
|   8|0x0000000682000000, 0x0000000682400000, 0x0000000682400000|100%| O|  |TAMS 0x0000000682000000, 0x0000000682000000| Untracked 
|   9|0x0000000682400000, 0x0000000682800000, 0x0000000682800000|100%| O|  |TAMS 0x0000000682400000, 0x0000000682400000| Untracked 
|  10|0x0000000682800000, 0x0000000682c00000, 0x0000000682c00000|100%| O|  |TAMS 0x0000000682800000, 0x0000000682800000| Untracked 
|  11|0x0000000682c00000, 0x0000000683000000, 0x0000000683000000|100%| O|  |TAMS 0x0000000682c00000, 0x0000000682c00000| Untracked 
|  12|0x0000000683000000, 0x0000000683400000, 0x0000000683400000|100%| O|  |TAMS 0x0000000683000000, 0x0000000683000000| Untracked 
|  13|0x0000000683400000, 0x0000000683800000, 0x0000000683800000|100%| O|  |TAMS 0x0000000683400000, 0x0000000683400000| Untracked 
|  14|0x0000000683800000, 0x0000000683c00000, 0x0000000683c00000|100%| O|  |TAMS 0x0000000683800000, 0x0000000683800000| Untracked 
|  15|0x0000000683c00000, 0x0000000684000000, 0x0000000684000000|100%| O|  |TAMS 0x0000000683c00000, 0x0000000683c00000| Untracked 
|  16|0x0000000684000000, 0x0000000684400000, 0x0000000684400000|100%| O|  |TAMS 0x0000000684000000, 0x0000000684000000| Untracked 
|  17|0x0000000684400000, 0x000000068445c000, 0x0000000684800000|  8%| O|  |TAMS 0x0000000684400000, 0x0000000684400000| Untracked 
|  18|0x0000000684800000, 0x0000000684800000, 0x0000000684c00000|  0%| F|  |TAMS 0x0000000684800000, 0x0000000684800000| Untracked 
|  19|0x0000000684c00000, 0x0000000684c00000, 0x0000000685000000|  0%| F|  |TAMS 0x0000000684c00000, 0x0000000684c00000| Untracked 
|  20|0x0000000685000000, 0x0000000685000000, 0x0000000685400000|  0%| F|  |TAMS 0x0000000685000000, 0x0000000685000000| Untracked 
|  21|0x0000000685400000, 0x0000000685400000, 0x0000000685800000|  0%| F|  |TAMS 0x0000000685400000, 0x0000000685400000| Untracked 
|  22|0x0000000685800000, 0x0000000685800000, 0x0000000685c00000|  0%| F|  |TAMS 0x0000000685800000, 0x0000000685800000| Untracked 
|  23|0x0000000685c00000, 0x0000000685c00000, 0x0000000686000000|  0%| F|  |TAMS 0x0000000685c00000, 0x0000000685c00000| Untracked 
|  24|0x0000000686000000, 0x0000000686000000, 0x0000000686400000|  0%| F|  |TAMS 0x0000000686000000, 0x0000000686000000| Untracked 
|  25|0x0000000686400000, 0x0000000686400000, 0x0000000686800000|  0%| F|  |TAMS 0x0000000686400000, 0x0000000686400000| Untracked 
|  26|0x0000000686800000, 0x0000000686983080, 0x0000000686c00000| 37%| S|CS|TAMS 0x0000000686800000, 0x0000000686800000| Complete 
|  27|0x0000000686c00000, 0x0000000687000000, 0x0000000687000000|100%| S|CS|TAMS 0x0000000686c00000, 0x0000000686c00000| Complete 
|  28|0x0000000687000000, 0x0000000687000000, 0x0000000687400000|  0%| F|  |TAMS 0x0000000687000000, 0x0000000687000000| Untracked 
|  29|0x0000000687400000, 0x0000000687400000, 0x0000000687800000|  0%| F|  |TAMS 0x0000000687400000, 0x0000000687400000| Untracked 
|  30|0x0000000687800000, 0x0000000687800000, 0x0000000687c00000|  0%| F|  |TAMS 0x0000000687800000, 0x0000000687800000| Untracked 
|  31|0x0000000687c00000, 0x0000000687c00000, 0x0000000688000000|  0%| F|  |TAMS 0x0000000687c00000, 0x0000000687c00000| Untracked 
|  32|0x0000000688000000, 0x0000000688000000, 0x0000000688400000|  0%| F|  |TAMS 0x0000000688000000, 0x0000000688000000| Untracked 
|  33|0x0000000688400000, 0x0000000688400000, 0x0000000688800000|  0%| F|  |TAMS 0x0000000688400000, 0x0000000688400000| Untracked 
|  34|0x0000000688800000, 0x0000000688800000, 0x0000000688c00000|  0%| F|  |TAMS 0x0000000688800000, 0x0000000688800000| Untracked 
|  35|0x0000000688c00000, 0x0000000688c00000, 0x0000000689000000|  0%| F|  |TAMS 0x0000000688c00000, 0x0000000688c00000| Untracked 
|  36|0x0000000689000000, 0x0000000689000000, 0x0000000689400000|  0%| F|  |TAMS 0x0000000689000000, 0x0000000689000000| Untracked 

Card table byte_map: [0x000002b9fd6a0000,0x000002b9fe2a0000] _byte_map_base: 0x000002b9fa2a0000

Marking Bits (Prev, Next): (CMBitMap*) 0x000002b9fc731060, (CMBitMap*) 0x000002b9fc7310a0
 Prev Bits: [0x000002b9967f0000, 0x000002b99c7f0000)
 Next Bits: [0x000002b99c7f0000, 0x000002b9a27f0000)

Polling page: 0x000002b9fa5d0000

Metaspace:

Usage:
  Non-class:     49.47 MB used.
      Class:      8.21 MB used.
       Both:     57.68 MB used.

Virtual space:
  Non-class space:       64.00 MB reserved,      49.75 MB ( 78%) committed,  1 nodes.
      Class space:        1.00 GB reserved,       8.50 MB ( <1%) committed,  1 nodes.
             Both:        1.06 GB reserved,      58.25 MB (  5%) committed. 

Chunk freelists:
   Non-Class:  13.40 MB
       Class:  7.53 MB
        Both:  20.94 MB

MaxMetaspaceSize: 2.00 GB
CompressedClassSpaceSize: 1.00 GB
Initial GC threshold: 21.00 MB
Current GC threshold: 58.88 MB
CDS: on
MetaspaceReclaimPolicy: balanced
 - commit_granule_bytes: 65536.
 - commit_granule_words: 8192.
 - virtual_space_node_default_size: 8388608.
 - enlarge_chunks_in_place: 1.
 - new_chunks_are_fully_committed: 0.
 - uncommit_free_chunks: 1.
 - use_allocation_guard: 0.
 - handle_deallocations: 1.


Internal statistics:

num_allocs_failed_limit: 6.
num_arena_births: 752.
num_arena_deaths: 0.
num_vsnodes_births: 2.
num_vsnodes_deaths: 0.
num_space_committed: 932.
num_space_uncommitted: 0.
num_chunks_returned_to_freelist: 6.
num_chunks_taken_from_freelist: 3190.
num_chunk_merges: 6.
num_chunk_splits: 2111.
num_chunks_enlarged: 1434.
num_inconsistent_stats: 0.

CodeHeap 'non-profiled nmethods': size=120000Kb used=4644Kb max_used=4644Kb free=115355Kb
 bounds [0x000002b98f2c0000, 0x000002b98f750000, 0x000002b9967f0000]
CodeHeap 'profiled nmethods': size=120000Kb used=15462Kb max_used=15462Kb free=104537Kb
 bounds [0x000002b9877f0000, 0x000002b988710000, 0x000002b98ed20000]
CodeHeap 'non-nmethods': size=5760Kb used=2347Kb max_used=2478Kb free=3412Kb
 bounds [0x000002b98ed20000, 0x000002b98efa0000, 0x000002b98f2c0000]
 total_blobs=8872 nmethods=8007 adapters=775
 compilation: enabled
              stopped_count=0, restarted_count=0
 full_count=0

Compilation events (20 events):
Event: 20.333 Thread 0x000002b9ff8cbb20 8773       3       org.gradle.internal.FileUtils::normalize (52 bytes)
Event: 20.334 Thread 0x000002b9ff8cbb20 nmethod 8773 0x000002b988705f10 code [0x000002b988706120, 0x000002b9887067b8]
Event: 20.334 Thread 0x000002b9ff8cbb20 8774       3       org.apache.commons.io.FilenameUtils::normalizeNoEndSeparator (9 bytes)
Event: 20.334 Thread 0x000002b9ff8cbb20 nmethod 8774 0x000002b988706a10 code [0x000002b988706ba0, 0x000002b988706cc8]
Event: 20.334 Thread 0x000002b9ff8cbb20 8772       3       org.gradle.api.internal.file.collections.UnpackingVisitor$SingleFileResolvingFileCollection::<init> (18 bytes)
Event: 20.335 Thread 0x000002b9ff8cbb20 nmethod 8772 0x000002b988706d90 code [0x000002b988706f40, 0x000002b9887072f8]
Event: 20.335 Thread 0x000002b9ff8cbb20 8775       3       java.io.File::isAbsolute (8 bytes)
Event: 20.335 Thread 0x000002b9ff8cbb20 nmethod 8775 0x000002b988707410 code [0x000002b9887075c0, 0x000002b988707728]
Event: 20.335 Thread 0x000002b9ff8cbb20 8776       3       java.io.WinNTFileSystem::isAbsolute (36 bytes)
Event: 20.337 Thread 0x000002b9ff8cbb20 nmethod 8776 0x000002b988707810 code [0x000002b988707a20, 0x000002b9887081f8]
Event: 20.368 Thread 0x000002b9ff8cbb20 8778       3       org.gradle.api.internal.artifacts.ivyservice.resolveengine.artifact.ParallelResolveArtifactSet$VisitingSet$StartVisitAction::prepareForVisit (11 bytes)
Event: 20.368 Thread 0x000002b9ff8cbb20 nmethod 8778 0x000002b988708510 code [0x000002b9887086c0, 0x000002b9887088a8]
Event: 20.369 Thread 0x000002b9ff8cbb20 8779       3       org.gradle.api.internal.artifacts.ivyservice.resolveengine.artifact.EndCollection::<init> (10 bytes)
Event: 20.369 Thread 0x000002b9ff8cbb20 nmethod 8779 0x000002b988708990 code [0x000002b988708b20, 0x000002b988708cd8]
Event: 20.369 Thread 0x000002b9ff8cbb20 8780       3       org.gradle.api.internal.artifacts.ivyservice.resolveengine.artifact.EndCollection::startFinalization (1 bytes)
Event: 20.369 Thread 0x000002b9ff8cbb20 nmethod 8780 0x000002b988708d90 code [0x000002b988708f20, 0x000002b988709038]
Event: 20.418 Thread 0x000002b9ff8cbb20 8783       3       java.io.BufferedReader::<init> (62 bytes)
Event: 20.419 Thread 0x000002b9ff8cbb20 nmethod 8783 0x000002b988709110 code [0x000002b988709300, 0x000002b988709918]
Event: 20.435 Thread 0x000002b9eea14e80 nmethod 8752 0x000002b98f746210 code [0x000002b98f746440, 0x000002b98f748740]
Event: 20.435 Thread 0x000002b9eea14e80 8770       4       org.apache.commons.io.FilenameUtils::doNormalize (530 bytes)

GC Heap History (20 events):
Event: 11.463 GC heap after
{Heap after GC invocations=11 (full 0):
 garbage-first heap   total 118784K, used 36407K [0x0000000680000000, 0x0000000800000000)
  region size 4096K, 2 young (8192K), 2 survivors (8192K)
 Metaspace       used 38881K, committed 39360K, reserved 1114112K
  class space    used 5472K, committed 5696K, reserved 1048576K
}
Event: 11.578 GC heap before
{Heap before GC invocations=11 (full 0):
 garbage-first heap   total 118784K, used 40503K [0x0000000680000000, 0x0000000800000000)
  region size 4096K, 3 young (12288K), 2 survivors (8192K)
 Metaspace       used 39340K, committed 39872K, reserved 1114112K
  class space    used 5566K, committed 5824K, reserved 1048576K
}
Event: 11.589 GC heap after
{Heap after GC invocations=12 (full 0):
 garbage-first heap   total 118784K, used 36505K [0x0000000680000000, 0x0000000800000000)
  region size 4096K, 1 young (4096K), 1 survivors (4096K)
 Metaspace       used 39340K, committed 39872K, reserved 1114112K
  class space    used 5566K, committed 5824K, reserved 1048576K
}
Event: 13.204 GC heap before
{Heap before GC invocations=12 (full 0):
 garbage-first heap   total 118784K, used 85657K [0x0000000680000000, 0x0000000800000000)
  region size 4096K, 13 young (53248K), 1 survivors (4096K)
 Metaspace       used 44652K, committed 45248K, reserved 1114112K
  class space    used 6349K, committed 6656K, reserved 1048576K
}
Event: 13.211 GC heap after
{Heap after GC invocations=13 (full 0):
 garbage-first heap   total 118784K, used 37708K [0x0000000680000000, 0x0000000800000000)
  region size 4096K, 1 young (4096K), 1 survivors (4096K)
 Metaspace       used 44652K, committed 45248K, reserved 1114112K
  class space    used 6349K, committed 6656K, reserved 1048576K
}
Event: 14.711 GC heap before
{Heap before GC invocations=13 (full 0):
 garbage-first heap   total 118784K, used 86860K [0x0000000680000000, 0x0000000800000000)
  region size 4096K, 14 young (57344K), 1 survivors (4096K)
 Metaspace       used 50427K, committed 51008K, reserved 1114112K
  class space    used 7159K, committed 7424K, reserved 1048576K
}
Event: 14.718 GC heap after
{Heap after GC invocations=14 (full 0):
 garbage-first heap   total 118784K, used 39455K [0x0000000680000000, 0x0000000800000000)
  region size 4096K, 1 young (4096K), 1 survivors (4096K)
 Metaspace       used 50427K, committed 51008K, reserved 1114112K
  class space    used 7159K, committed 7424K, reserved 1048576K
}
Event: 16.176 GC heap before
{Heap before GC invocations=14 (full 0):
 garbage-first heap   total 118784K, used 92703K [0x0000000680000000, 0x0000000800000000)
  region size 4096K, 14 young (57344K), 1 survivors (4096K)
 Metaspace       used 54744K, committed 55360K, reserved 1114112K
  class space    used 7819K, committed 8128K, reserved 1048576K
}
Event: 16.193 GC heap after
{Heap after GC invocations=15 (full 0):
 garbage-first heap   total 118784K, used 45238K [0x0000000680000000, 0x0000000800000000)
  region size 4096K, 2 young (8192K), 2 survivors (8192K)
 Metaspace       used 54744K, committed 55360K, reserved 1114112K
  class space    used 7819K, committed 8128K, reserved 1048576K
}
Event: 17.663 GC heap before
{Heap before GC invocations=15 (full 0):
 garbage-first heap   total 118784K, used 90294K [0x0000000680000000, 0x0000000800000000)
  region size 4096K, 13 young (53248K), 2 survivors (8192K)
 Metaspace       used 57583K, committed 58112K, reserved 1114112K
  class space    used 8283K, committed 8512K, reserved 1048576K
}
Event: 17.681 GC heap after
{Heap after GC invocations=16 (full 0):
 garbage-first heap   total 118784K, used 52147K [0x0000000680000000, 0x0000000800000000)
  region size 4096K, 2 young (8192K), 2 survivors (8192K)
 Metaspace       used 57583K, committed 58112K, reserved 1114112K
  class space    used 8283K, committed 8512K, reserved 1048576K
}
Event: 18.085 GC heap before
{Heap before GC invocations=16 (full 0):
 garbage-first heap   total 118784K, used 89011K [0x0000000680000000, 0x0000000800000000)
  region size 4096K, 11 young (45056K), 2 survivors (8192K)
 Metaspace       used 57801K, committed 58432K, reserved 1114112K
  class space    used 8296K, committed 8576K, reserved 1048576K
}
Event: 18.097 GC heap after
{Heap after GC invocations=17 (full 0):
 garbage-first heap   total 151552K, used 54501K [0x0000000680000000, 0x0000000800000000)
  region size 4096K, 1 young (4096K), 1 survivors (4096K)
 Metaspace       used 57801K, committed 58432K, reserved 1114112K
  class space    used 8296K, committed 8576K, reserved 1048576K
}
Event: 18.800 GC heap before
{Heap before GC invocations=17 (full 0):
 garbage-first heap   total 151552K, used 107749K [0x0000000680000000, 0x0000000800000000)
  region size 4096K, 15 young (61440K), 1 survivors (4096K)
 Metaspace       used 58204K, committed 58752K, reserved 1114112K
  class space    used 8317K, committed 8576K, reserved 1048576K
}
Event: 18.808 GC heap after
{Heap after GC invocations=18 (full 0):
 garbage-first heap   total 151552K, used 55594K [0x0000000680000000, 0x0000000800000000)
  region size 4096K, 2 young (8192K), 2 survivors (8192K)
 Metaspace       used 58204K, committed 58752K, reserved 1114112K
  class space    used 8317K, committed 8576K, reserved 1048576K
}
Event: 19.231 GC heap before
{Heap before GC invocations=18 (full 0):
 garbage-first heap   total 151552K, used 112938K [0x0000000680000000, 0x0000000800000000)
  region size 4096K, 16 young (65536K), 2 survivors (8192K)
 Metaspace       used 58253K, committed 58816K, reserved 1114112K
  class space    used 8318K, committed 8576K, reserved 1048576K
}
Event: 19.240 GC heap after
{Heap after GC invocations=19 (full 0):
 garbage-first heap   total 151552K, used 56984K [0x0000000680000000, 0x0000000800000000)
  region size 4096K, 2 young (8192K), 2 survivors (8192K)
 Metaspace       used 58253K, committed 58816K, reserved 1114112K
  class space    used 8318K, committed 8576K, reserved 1048576K
}
Event: 19.838 GC heap before
{Heap before GC invocations=19 (full 0):
 garbage-first heap   total 151552K, used 110232K [0x0000000680000000, 0x0000000800000000)
  region size 4096K, 16 young (65536K), 2 survivors (8192K)
 Metaspace       used 58786K, committed 59392K, reserved 1114112K
  class space    used 8377K, committed 8640K, reserved 1048576K
}
Event: 19.849 GC heap after
{Heap after GC invocations=20 (full 0):
 garbage-first heap   total 151552K, used 69512K [0x0000000680000000, 0x0000000800000000)
  region size 4096K, 2 young (8192K), 2 survivors (8192K)
 Metaspace       used 58786K, committed 59392K, reserved 1114112K
  class space    used 8377K, committed 8640K, reserved 1048576K
}
Event: 20.437 GC heap before
{Heap before GC invocations=20 (full 0):
 garbage-first heap   total 151552K, used 106376K [0x0000000680000000, 0x0000000800000000)
  region size 4096K, 11 young (45056K), 2 survivors (8192K)
 Metaspace       used 59062K, committed 59648K, reserved 1114112K
  class space    used 8410K, committed 8704K, reserved 1048576K
}

Deoptimization events (20 events):
Event: 19.942 Thread 0x000002b9ebb72fb0 DEOPT PACKING pc=0x000002b98f66f268 sp=0x000000bd416f9950
Event: 19.942 Thread 0x000002b9ebb72fb0 DEOPT UNPACKING pc=0x000002b98ed723a3 sp=0x000000bd416f98e8 mode 2
Event: 19.942 Thread 0x000002b9ebb72fb0 Uncommon trap: trap_request=0xffffffc6 fr.pc=0x000002b98f66f268 relative=0x00000000000002a8
Event: 19.942 Thread 0x000002b9ebb72fb0 Uncommon trap: reason=bimorphic_or_optimized_type_check action=maybe_recompile pc=0x000002b98f66f268 method=com.google.common.cache.LocalCache$Segment.getEntry(Ljava/lang/Object;I)Lcom/google/common/cache/ReferenceEntry; @ 24 c2
Event: 19.942 Thread 0x000002b9ebb72fb0 DEOPT PACKING pc=0x000002b98f66f268 sp=0x000000bd416f9950
Event: 19.943 Thread 0x000002b9ebb72fb0 DEOPT UNPACKING pc=0x000002b98ed723a3 sp=0x000000bd416f98e8 mode 2
Event: 20.060 Thread 0x000002b9ebb72fb0 Uncommon trap: trap_request=0xfffffff4 fr.pc=0x000002b98f61016c relative=0x000000000000070c
Event: 20.060 Thread 0x000002b9ebb72fb0 Uncommon trap: reason=null_check action=make_not_entrant pc=0x000002b98f61016c method=org.gradle.util.internal.SimpleMapInterner.intern(Ljava/lang/Object;)Ljava/lang/Object; @ 2 c2
Event: 20.061 Thread 0x000002b9ebb72fb0 DEOPT PACKING pc=0x000002b98f61016c sp=0x000000bd416f74e0
Event: 20.061 Thread 0x000002b9ebb72fb0 DEOPT UNPACKING pc=0x000002b98ed723a3 sp=0x000000bd416f74a8 mode 2
Event: 20.087 Thread 0x000002b9ebb72fb0 Uncommon trap: trap_request=0xffffffdc fr.pc=0x000002b98f732270 relative=0x00000000000002d0
Event: 20.087 Thread 0x000002b9ebb72fb0 Uncommon trap: reason=class_check action=make_not_entrant pc=0x000002b98f732270 method=java.util.ArrayList.toArray([Ljava/lang/Object;)[Ljava/lang/Object; @ 21 c2
Event: 20.087 Thread 0x000002b9ebb72fb0 DEOPT PACKING pc=0x000002b98f732270 sp=0x000000bd416f91a0
Event: 20.087 Thread 0x000002b9ebb72fb0 DEOPT UNPACKING pc=0x000002b98ed723a3 sp=0x000000bd416f9170 mode 2
Event: 20.271 Thread 0x000002b9f0254c10 DEOPT PACKING pc=0x000002b98868f503 sp=0x000000bd463fdc10
Event: 20.271 Thread 0x000002b9f0254c10 DEOPT UNPACKING pc=0x000002b98ed72b43 sp=0x000000bd463fd130 mode 0
Event: 20.332 Thread 0x000002b9ebb72fb0 DEOPT PACKING pc=0x000002b98824c07f sp=0x000000bd416f69f0
Event: 20.333 Thread 0x000002b9ebb72fb0 DEOPT UNPACKING pc=0x000002b98ed72b43 sp=0x000000bd416f5f40 mode 0
Event: 20.333 Thread 0x000002b9ebb72fb0 DEOPT PACKING pc=0x000002b98824c07f sp=0x000000bd416f69f0
Event: 20.333 Thread 0x000002b9ebb72fb0 DEOPT UNPACKING pc=0x000002b98ed72b43 sp=0x000000bd416f5f40 mode 0

Classes unloaded (0 events):
No events

Classes redefined (0 events):
No events

Internal exceptions (20 events):
Event: 19.870 Thread 0x000002b9ebb72fb0 Exception <a 'java/lang/ClassNotFoundException'{0x00000006891b65f0}: java/lang/StringCustomizer> (0x00000006891b65f0) 
thrown [s\open\src\hotspot\share\classfile\systemDictionary.cpp, line 256]
Event: 19.895 Thread 0x000002b9ebb72fb0 Exception <a 'java/lang/ClassNotFoundException'{0x00000006892e5b10}: settings_4pm1j3emf9hiio91lqv2z2k2nBeanInfo> (0x00000006892e5b10) 
thrown [s\open\src\hotspot\share\classfile\systemDictionary.cpp, line 256]
Event: 19.896 Thread 0x000002b9ebb72fb0 Exception <a 'java/lang/ClassNotFoundException'{0x00000006892ec4e0}: settings_4pm1j3emf9hiio91lqv2z2k2nCustomizer> (0x00000006892ec4e0) 
thrown [s\open\src\hotspot\share\classfile\systemDictionary.cpp, line 256]
Event: 19.970 Thread 0x000002b9ebb72fb0 Exception <a 'java/lang/ClassNotFoundException'{0x0000000688d48a38}: build_825lk8fewss2wbrx5vohupwm0BeanInfo> (0x0000000688d48a38) 
thrown [s\open\src\hotspot\share\classfile\systemDictionary.cpp, line 256]
Event: 19.971 Thread 0x000002b9ebb72fb0 Exception <a 'java/lang/ClassNotFoundException'{0x0000000688d53648}: org/gradle/api/internal/project/ProjectScriptBeanInfo> (0x0000000688d53648) 
thrown [s\open\src\hotspot\share\classfile\systemDictionary.cpp, line 256]
Event: 19.973 Thread 0x000002b9ebb72fb0 Exception <a 'java/lang/ClassNotFoundException'{0x0000000688d5e318}: org/gradle/api/internal/project/ProjectScriptCustomizer> (0x0000000688d5e318) 
thrown [s\open\src\hotspot\share\classfile\systemDictionary.cpp, line 256]
Event: 19.976 Thread 0x000002b9ebb72fb0 Exception <a 'java/lang/ClassNotFoundException'{0x0000000688d76298}: build_825lk8fewss2wbrx5vohupwm0Customizer> (0x0000000688d76298) 
thrown [s\open\src\hotspot\share\classfile\systemDictionary.cpp, line 256]
Event: 19.987 Thread 0x000002b9ebb72fb0 Exception <a 'java/lang/ClassNotFoundException'{0x0000000688dd3858}: org/gradle/api/internal/initialization/DefaultScriptHandler_DecoratedBeanInfo> (0x0000000688dd3858) 
thrown [s\open\src\hotspot\share\classfile\systemDictionary.cpp, line 256]
Event: 19.989 Thread 0x000002b9ebb72fb0 Exception <a 'java/lang/ClassNotFoundException'{0x0000000688de6758}: org/gradle/api/internal/initialization/DefaultScriptHandlerBeanInfo> (0x0000000688de6758) 
thrown [s\open\src\hotspot\share\classfile\systemDictionary.cpp, line 256]
Event: 19.990 Thread 0x000002b9ebb72fb0 Exception <a 'java/lang/ClassNotFoundException'{0x0000000688df9880}: org/gradle/api/internal/initialization/DefaultScriptHandlerCustomizer> (0x0000000688df9880) 
thrown [s\open\src\hotspot\share\classfile\systemDictionary.cpp, line 256]
Event: 19.994 Thread 0x000002b9ebb72fb0 Exception <a 'java/lang/ClassNotFoundException'{0x0000000688e18f70}: org/gradle/api/internal/initialization/DefaultScriptHandler_DecoratedCustomizer> (0x0000000688e18f70) 
thrown [s\open\src\hotspot\share\classfile\systemDictionary.cpp, line 256]
Event: 20.013 Thread 0x000002b9ebb72fb0 Exception <a 'java/lang/ClassNotFoundException'{0x0000000688f2e9f0}: org/gradle/api/internal/project/DefaultProject_DecoratedBeanInfo> (0x0000000688f2e9f0) 
thrown [s\open\src\hotspot\share\classfile\systemDictionary.cpp, line 256]
Event: 20.015 Thread 0x000002b9ebb72fb0 Exception <a 'java/lang/ClassNotFoundException'{0x0000000688f41d10}: org/gradle/api/internal/project/DefaultProjectBeanInfo> (0x0000000688f41d10) 
thrown [s\open\src\hotspot\share\classfile\systemDictionary.cpp, line 256]
Event: 20.017 Thread 0x000002b9ebb72fb0 Exception <a 'java/lang/ClassNotFoundException'{0x0000000688f54920}: org/gradle/api/internal/project/DefaultProjectCustomizer> (0x0000000688f54920) 
thrown [s\open\src\hotspot\share\classfile\systemDictionary.cpp, line 256]
Event: 20.029 Thread 0x000002b9ebb72fb0 Exception <a 'java/lang/ClassNotFoundException'{0x00000006888066f8}: org/gradle/api/internal/project/DefaultProject_DecoratedCustomizer> (0x00000006888066f8) 
thrown [s\open\src\hotspot\share\classfile\systemDictionary.cpp, line 256]
Event: 20.060 Thread 0x000002b9ebb72fb0 Implicit null exception at 0x000002b98f60fa8f to 0x000002b98f61015c
Event: 20.070 Thread 0x000002b9ebb72fb0 Exception <a 'java/lang/ClassNotFoundException'{0x00000006888f9070}: org/gradle/api/internal/artifacts/dsl/dependencies/DefaultDependencyHandler_DecoratedBeanInfo> (0x00000006888f9070) 
thrown [s\open\src\hotspot\share\classfile\systemDictionary.cpp, line 256]
Event: 20.072 Thread 0x000002b9ebb72fb0 Exception <a 'java/lang/ClassNotFoundException'{0x00000006889111f8}: org/gradle/api/internal/artifacts/dsl/dependencies/DefaultDependencyHandlerBeanInfo> (0x00000006889111f8) 
thrown [s\open\src\hotspot\share\classfile\systemDictionary.cpp, line 256]
Event: 20.074 Thread 0x000002b9ebb72fb0 Exception <a 'java/lang/ClassNotFoundException'{0x0000000688929630}: org/gradle/api/internal/artifacts/dsl/dependencies/DefaultDependencyHandlerCustomizer> (0x0000000688929630) 
thrown [s\open\src\hotspot\share\classfile\systemDictionary.cpp, line 256]
Event: 20.080 Thread 0x000002b9ebb72fb0 Exception <a 'java/lang/ClassNotFoundException'{0x000000068896a0f8}: org/gradle/api/internal/artifacts/dsl/dependencies/DefaultDependencyHandler_DecoratedCustomizer> (0x000000068896a0f8) 
thrown [s\open\src\hotspot\share\classfile\systemDictionary.cpp, line 256]

VM Operations (20 events):
Event: 18.452 Executing VM operation: ICBufferFull done
Event: 18.777 Executing VM operation: HandshakeAllThreads
Event: 18.777 Executing VM operation: HandshakeAllThreads done
Event: 18.794 Executing VM operation: ICBufferFull
Event: 18.799 Executing VM operation: ICBufferFull done
Event: 18.800 Executing VM operation: G1CollectForAllocation
Event: 18.811 Executing VM operation: G1CollectForAllocation done
Event: 19.231 Executing VM operation: G1CollectForAllocation
Event: 19.240 Executing VM operation: G1CollectForAllocation done
Event: 19.499 Executing VM operation: HandshakeAllThreads
Event: 19.500 Executing VM operation: HandshakeAllThreads done
Event: 19.696 Executing VM operation: ICBufferFull
Event: 19.696 Executing VM operation: ICBufferFull done
Event: 19.771 Executing VM operation: HandshakeAllThreads
Event: 19.771 Executing VM operation: HandshakeAllThreads done
Event: 19.838 Executing VM operation: G1CollectForAllocation
Event: 19.849 Executing VM operation: G1CollectForAllocation done
Event: 20.198 Executing VM operation: ICBufferFull
Event: 20.198 Executing VM operation: ICBufferFull done
Event: 20.436 Executing VM operation: G1CollectForAllocation

Events (20 events):
Event: 20.204 Thread 0x000002b9f0258de0 Thread added: 0x000002b9f0258de0
Event: 20.204 Thread 0x000002b9f0256050 Thread added: 0x000002b9f0256050
Event: 20.204 Thread 0x000002b9f0257490 Thread added: 0x000002b9f0257490
Event: 20.204 Thread 0x000002b9f0255b40 Thread added: 0x000002b9f0255b40
Event: 20.205 Thread 0x000002b9f0256560 Thread added: 0x000002b9f0256560
Event: 20.205 Thread 0x000002b9f0256f80 Thread added: 0x000002b9f0256f80
Event: 20.227 Thread 0x000002b9f0257eb0 Thread added: 0x000002b9f0257eb0
Event: 20.229 Thread 0x000002b9f0259800 Thread added: 0x000002b9f0259800
Event: 20.230 Thread 0x000002b9f0259d10 Thread added: 0x000002b9f0259d10
Event: 20.236 Thread 0x000002b9f02588d0 Thread added: 0x000002b9f02588d0
Event: 20.238 Thread 0x000002b9f0254c10 Thread added: 0x000002b9f0254c10
Event: 20.242 Thread 0x000002b9f0255120 Thread added: 0x000002b9f0255120
Event: 20.247 Thread 0x000002b9f025a220 Thread added: 0x000002b9f025a220
Event: 20.335 Thread 0x000002b9f02537d0 Thread added: 0x000002b9f02537d0
Event: 20.336 Thread 0x000002b9f025a730 Thread added: 0x000002b9f025a730
Event: 20.337 Thread 0x000002b9f025ac40 Thread added: 0x000002b9f025ac40
Event: 20.337 Thread 0x000002b9f0255630 Thread added: 0x000002b9f0255630
Event: 20.338 Thread 0x000002b9f02583c0 Thread added: 0x000002b9f02583c0
Event: 20.339 Thread 0x000002b9f025b150 Thread added: 0x000002b9f025b150
Event: 20.340 Thread 0x000002b9f0253ce0 Thread added: 0x000002b9f0253ce0


Dynamic libraries:
0x00007ff608080000 - 0x00007ff608090000 	C:\Program Files\Java\jdk-17\bin\java.exe
0x00007ffea47f0000 - 0x00007ffea4a07000 	C:\WINDOWS\SYSTEM32\ntdll.dll
0x00007ffea35d0000 - 0x00007ffea3694000 	C:\WINDOWS\System32\KERNEL32.DLL
0x00007ffea1f10000 - 0x00007ffea22e1000 	C:\WINDOWS\System32\KERNELBASE.dll
0x00007ffea2370000 - 0x00007ffea2481000 	C:\WINDOWS\System32\ucrtbase.dll
0x00007ffe84540000 - 0x00007ffe84559000 	C:\Program Files\Java\jdk-17\bin\jli.dll
0x00007ffe843b0000 - 0x00007ffe843cb000 	C:\Program Files\Java\jdk-17\bin\VCRUNTIME140.dll
0x00007ffea36f0000 - 0x00007ffea37a1000 	C:\WINDOWS\System32\ADVAPI32.dll
0x00007ffea3a20000 - 0x00007ffea3ac7000 	C:\WINDOWS\System32\msvcrt.dll
0x00007ffea37b0000 - 0x00007ffea3857000 	C:\WINDOWS\System32\sechost.dll
0x00007ffea2490000 - 0x00007ffea24b8000 	C:\WINDOWS\System32\bcrypt.dll
0x00007ffea3070000 - 0x00007ffea3184000 	C:\WINDOWS\System32\RPCRT4.dll
0x00007ffea3860000 - 0x00007ffea3a11000 	C:\WINDOWS\System32\USER32.dll
0x00007ffea19b0000 - 0x00007ffea19d6000 	C:\WINDOWS\System32\win32u.dll
0x00007ffe981c0000 - 0x00007ffe98452000 	C:\WINDOWS\WinSxS\amd64_microsoft.windows.common-controls_6595b64144ccf1df_6.0.22621.4830_none_270fe7d773858e80\COMCTL32.dll
0x00007ffea24c0000 - 0x00007ffea24e9000 	C:\WINDOWS\System32\GDI32.dll
0x00007ffea1df0000 - 0x00007ffea1f0b000 	C:\WINDOWS\System32\gdi32full.dll
0x00007ffea1c10000 - 0x00007ffea1caa000 	C:\WINDOWS\System32\msvcp_win.dll
0x00007ffe9d460000 - 0x00007ffe9d46a000 	C:\WINDOWS\SYSTEM32\VERSION.dll
0x00007ffea36a0000 - 0x00007ffea36d1000 	C:\WINDOWS\System32\IMM32.DLL
0x00007ffe99660000 - 0x00007ffe9966c000 	C:\Program Files\Java\jdk-17\bin\vcruntime140_1.dll
0x00007ffe58280000 - 0x00007ffe5830e000 	C:\Program Files\Java\jdk-17\bin\msvcp140.dll
0x00007ffe4bbd0000 - 0x00007ffe4c7b0000 	C:\Program Files\Java\jdk-17\bin\server\jvm.dll
0x00007ffea2660000 - 0x00007ffea2668000 	C:\WINDOWS\System32\PSAPI.DLL
0x00007ffe8f800000 - 0x00007ffe8f809000 	C:\WINDOWS\SYSTEM32\WSOCK32.dll
0x00007ffe9c060000 - 0x00007ffe9c094000 	C:\WINDOWS\SYSTEM32\WINMM.dll
0x00007ffea3ca0000 - 0x00007ffea3d11000 	C:\WINDOWS\System32\WS2_32.dll
0x00007ffea0940000 - 0x00007ffea0958000 	C:\WINDOWS\SYSTEM32\kernel.appcore.dll
0x00007ffe993e0000 - 0x00007ffe993ea000 	C:\Program Files\Java\jdk-17\bin\jimage.dll
0x00007ffe9a160000 - 0x00007ffe9a392000 	C:\WINDOWS\SYSTEM32\DBGHELP.DLL
0x00007ffea3210000 - 0x00007ffea35a0000 	C:\WINDOWS\System32\combase.dll
0x00007ffea2f90000 - 0x00007ffea3067000 	C:\WINDOWS\System32\OLEAUT32.dll
0x00007ffe99e90000 - 0x00007ffe99ec2000 	C:\WINDOWS\SYSTEM32\dbgcore.DLL
0x00007ffea1930000 - 0x00007ffea19ab000 	C:\WINDOWS\System32\bcryptPrimitives.dll
0x00007ffe97d10000 - 0x00007ffe97d1e000 	C:\Program Files\Java\jdk-17\bin\instrument.dll
0x00007ffe7bc70000 - 0x00007ffe7bc95000 	C:\Program Files\Java\jdk-17\bin\java.dll
0x00007ffe4fb00000 - 0x00007ffe4fbd7000 	C:\Program Files\Java\jdk-17\bin\jsvml.dll
0x00007ffea3f20000 - 0x00007ffea47a8000 	C:\WINDOWS\System32\SHELL32.dll
0x00007ffea1cb0000 - 0x00007ffea1def000 	C:\WINDOWS\System32\wintypes.dll
0x00007ffe9f840000 - 0x00007ffea014d000 	C:\WINDOWS\SYSTEM32\windows.storage.dll
0x00007ffea2550000 - 0x00007ffea265a000 	C:\WINDOWS\System32\SHCORE.dll
0x00007ffea24f0000 - 0x00007ffea254e000 	C:\WINDOWS\System32\shlwapi.dll
0x00007ffea1860000 - 0x00007ffea188b000 	C:\WINDOWS\SYSTEM32\profapi.dll
0x00007ffe81f80000 - 0x00007ffe81f98000 	C:\Program Files\Java\jdk-17\bin\zip.dll
0x00007ffe7bbb0000 - 0x00007ffe7bbc9000 	C:\Program Files\Java\jdk-17\bin\net.dll
0x00007ffe9bf30000 - 0x00007ffe9c05c000 	C:\WINDOWS\SYSTEM32\WINHTTP.dll
0x00007ffea0da0000 - 0x00007ffea0e0a000 	C:\WINDOWS\system32\mswsock.dll
0x00007ffe7a910000 - 0x00007ffe7a926000 	C:\Program Files\Java\jdk-17\bin\nio.dll
0x00007ffe973f0000 - 0x00007ffe97400000 	C:\Program Files\Java\jdk-17\bin\verify.dll
0x00007ffe7bca0000 - 0x00007ffe7bcc7000 	C:\Users\Netizens\.gradle\native\c067742578af261105cb4f569cf0c3c89f3d7b1fecec35dd04571415982c5e48\windows-amd64\native-platform.dll
0x00007ffe4c840000 - 0x00007ffe4c984000 	C:\Users\Netizens\.gradle\native\100fb08df4bc3b14c8652ba06237920a3bd2aa13389f12d3474272988ae205f9\windows-amd64\native-platform-file-events.dll
0x00007ffe96890000 - 0x00007ffe9689a000 	C:\Program Files\Java\jdk-17\bin\management.dll
0x00007ffe96010000 - 0x00007ffe9601b000 	C:\Program Files\Java\jdk-17\bin\management_ext.dll
0x00007ffea10f0000 - 0x00007ffea110b000 	C:\WINDOWS\SYSTEM32\CRYPTSP.dll
0x00007ffea08a0000 - 0x00007ffea08d7000 	C:\WINDOWS\system32\rsaenh.dll
0x00007ffea0e40000 - 0x00007ffea0e68000 	C:\WINDOWS\SYSTEM32\USERENV.dll
0x00007ffea10d0000 - 0x00007ffea10dc000 	C:\WINDOWS\SYSTEM32\CRYPTBASE.dll
0x00007ffea03b0000 - 0x00007ffea03dd000 	C:\WINDOWS\SYSTEM32\IPHLPAPI.DLL
0x00007ffea35a0000 - 0x00007ffea35a9000 	C:\WINDOWS\System32\NSI.dll
0x00007ffe9bd40000 - 0x00007ffe9bd59000 	C:\WINDOWS\SYSTEM32\dhcpcsvc6.DLL
0x00007ffe9bd20000 - 0x00007ffe9bd3f000 	C:\WINDOWS\SYSTEM32\dhcpcsvc.DLL
0x00007ffea0420000 - 0x00007ffea0522000 	C:\WINDOWS\SYSTEM32\DNSAPI.dll
0x00007ffe94b60000 - 0x00007ffe94b6e000 	C:\Program Files\Java\jdk-17\bin\sunmscapi.dll
0x00007ffea19e0000 - 0x00007ffea1b46000 	C:\WINDOWS\System32\CRYPT32.dll
0x00007ffea1200000 - 0x00007ffea122d000 	C:\WINDOWS\SYSTEM32\ncrypt.dll
0x00007ffea11c0000 - 0x00007ffea11f7000 	C:\WINDOWS\SYSTEM32\NTASN1.dll
0x00007ffe98970000 - 0x00007ffe98978000 	C:\WINDOWS\system32\wshunix.dll

dbghelp: loaded successfully - version: 4.0.5 - missing functions: none
symbol engine: initialized successfully - sym options: 0x614 - pdb path: .;C:\Program Files\Java\jdk-17\bin;C:\WINDOWS\SYSTEM32;C:\WINDOWS\WinSxS\amd64_microsoft.windows.common-controls_6595b64144ccf1df_6.0.22621.4830_none_270fe7d773858e80;C:\Program Files\Java\jdk-17\bin\server;C:\Users\Netizens\.gradle\native\c067742578af261105cb4f569cf0c3c89f3d7b1fecec35dd04571415982c5e48\windows-amd64;C:\Users\Netizens\.gradle\native\100fb08df4bc3b14c8652ba06237920a3bd2aa13389f12d3474272988ae205f9\windows-amd64

VM Arguments:
jvm_args: -XX:MaxMetaspaceSize=2G --add-opens=java.base/java.util=ALL-UNNAMED --add-opens=java.base/java.lang=ALL-UNNAMED --add-opens=java.base/java.lang.invoke=ALL-UNNAMED --add-opens=java.prefs/java.util.prefs=ALL-UNNAMED --add-exports=jdk.compiler/com.sun.tools.javac.api=ALL-UNNAMED --add-exports=jdk.compiler/com.sun.tools.javac.util=ALL-UNNAMED --add-opens=java.base/java.nio.charset=ALL-UNNAMED --add-opens=java.base/java.net=ALL-UNNAMED --add-opens=java.base/java.util.concurrent.atomic=ALL-UNNAMED -Xmx6G -Dfile.encoding=UTF-8 -Duser.country=US -Duser.language=en -Duser.variant -javaagent:C:\Users\Netizens\.gradle\wrapper\dists\gradle-8.9-bin\90cnw93cvbtalezasaz0blq0a\gradle-8.9\lib\agents\gradle-instrumentation-agent-8.9.jar 
java_command: org.gradle.launcher.daemon.bootstrap.GradleDaemon 8.9
java_class_path (initial): C:\Users\Netizens\.gradle\wrapper\dists\gradle-8.9-bin\90cnw93cvbtalezasaz0blq0a\gradle-8.9\lib\gradle-daemon-main-8.9.jar
Launcher Type: SUN_STANDARD

[Global flags]
     intx CICompilerCount                          = 4                                         {product} {ergonomic}
     uint ConcGCThreads                            = 2                                         {product} {ergonomic}
     uint G1ConcRefinementThreads                  = 8                                         {product} {ergonomic}
   size_t G1HeapRegionSize                         = 4194304                                   {product} {ergonomic}
    uintx GCDrainStackTargetSize                   = 64                                        {product} {ergonomic}
   size_t InitialHeapSize                          = 130023424                                 {product} {ergonomic}
   size_t MarkStackSize                            = 4194304                                   {product} {ergonomic}
   size_t MaxHeapSize                              = 6442450944                                {product} {command line}
   size_t MaxMetaspaceSize                         = 2147483648                                {product} {command line}
   size_t MaxNewSize                               = 3862953984                                {product} {ergonomic}
   size_t MinHeapDeltaBytes                        = 4194304                                   {product} {ergonomic}
   size_t MinHeapSize                              = 8388608                                   {product} {ergonomic}
    uintx NonNMethodCodeHeapSize                   = 5839372                                {pd product} {ergonomic}
    uintx NonProfiledCodeHeapSize                  = 122909434                              {pd product} {ergonomic}
    uintx ProfiledCodeHeapSize                     = 122909434                              {pd product} {ergonomic}
    uintx ReservedCodeCacheSize                    = 251658240                              {pd product} {ergonomic}
     bool SegmentedCodeCache                       = true                                      {product} {ergonomic}
   size_t SoftMaxHeapSize                          = 6442450944                             {manageable} {ergonomic}
     bool UseCompressedClassPointers               = true                           {product lp64_product} {ergonomic}
     bool UseCompressedOops                        = true                           {product lp64_product} {ergonomic}
     bool UseG1GC                                  = true                                      {product} {ergonomic}
     bool UseLargePagesIndividualAllocation        = false                                  {pd product} {ergonomic}

Logging:
Log output configuration:
 #0: stdout all=warning uptime,level,tags
 #1: stderr all=off uptime,level,tags

Environment Variables:
JAVA_HOME=C:\Program Files\Android\Android Studio1\jbr
CLASSPATH=D:\FlutterDev\projects\car_rent\android\\gradle\wrapper\gradle-wrapper.jar
PATH=C:\Program Files\Android\Android Studio1\jbr\bin;C:\Program Files\Common Files\Oracle\Java\javapath;C:\Program Files (x86)\VMware\VMware Workstation\bin\;C:\WINDOWS\system32;C:\WINDOWS;C:\WINDOWS\System32\Wbem;C:\WINDOWS\System32\WindowsPowerShell\v1.0\;C:\WINDOWS\System32\OpenSSH\;C:\Program Files\Intel\WiFi\bin\;C:\Program Files\Common Files\Intel\WirelessCommon\;C:\Users\Netizens\AppData\Roaming\Python\Python312\Scripts;c:\users\netizens\appdata\roaming\python\python312\site-packages;C:\ProgramData\chocolatey\bin;C:\Users\Netizens\AppData\Local\Android\Sdk\platform-tools;C:\Program Files\nodejs\;C:\Program Files\nodejs;C:\Program Files\Java\jdk-17\bin\;C:\Program Files\Java\jdk-17\bin;C:\Program Files\MongoDB\Server\8.0\bin;C:\Program Files\Git\cmd;C:\Program Files\Git\mingw64\bin;C:\Program Files\Git\usr\bin;C:\Program Files\MySQL\MySQL Server 8.0\bin;D:\MinGW\bin;C:\Program Files\dotnet\;C:\Users\Netizens\AppData\Local\Programs\Python\Python312\Scripts\;C:\Users\Netizens\AppData\Local\Programs\Python\Python312\;C:\Users\Netizens\AppData\Local\Microsoft\WindowsApps;C:\Program Files\JetBrains\PyCharm Community Edition 2024.1.4\bin;;C:\Program Files\Microsoft\jdk-17.0.11.9-hotspot\bin;C:\Program Files\nodejs;C:\Users\Netizens\AppData\Local\Android\Sdk;C:\Users\Netizens\AppData\Local\Android\Sdk\platform-tools;C:\tools\dart-sdk\bin;C:\Users\Netizens\AppData\Local\Pub\Cache\bin;D:\FlutterDev\sdk\flutter\tools\dart-sdk;C:\Users\Netizens\AppData\Local\Programs\Microsoft VS Code\bin;C:\Users\Netizens\AppData\Roaming\npm;D:\FlutterDev\sdk\flutter\bin;D:\FlutterDev\sdk\flutter\bin;C:\Program Files\Java\jdk-17\bin;C:\Program Files\Java\jdk-17\bin\;D:\MongoDB\Server\8.0\bin;D:\MinGW\bin;;D:\FlutterDev\sdk\flutter\bin\mingit\cmd
USERNAME=Prime
OS=Windows_NT
PROCESSOR_IDENTIFIER=Intel64 Family 6 Model 142 Stepping 12, GenuineIntel



---------------  S Y S T E M  ---------------

OS:
 Windows 11 , 64 bit Build 22621 (10.0.22621.4974)
OS uptime: 0 days 1:34 hours
Hyper-V role detected

CPU: total 8 (initial active 8) (4 cores per cpu, 2 threads per core) family 6 model 142 stepping 12 microcode 0xf0, cx8, cmov, fxsr, ht, mmx, 3dnowpref, sse, sse2, sse3, ssse3, sse4.1, sse4.2, popcnt, lzcnt, tsc, tscinvbit, avx, avx2, aes, erms, clmul, bmi1, bmi2, adx, fma, vzeroupper, clflush, clflushopt, hv

Memory: 4k page, system-wide physical 7881M (636M free)
TotalPageFile size 9929M (AvailPageFile size 9M)
current process WorkingSet (physical memory assigned to process): 344M, peak: 360M
current process commit charge ("private bytes"): 391M, peak: 420M

vm_info: Java HotSpot(TM) 64-Bit Server VM (17.0.12+8-LTS-286) for windows-amd64 JRE (17.0.12+8-LTS-286), built on Jun  5 2024 06:46:59 by "mach5one" with MS VC++ 17.6 (VS2022)

END.
